[1.058s] Invoking command in '/home/cc/ee106a/sp26/class/ee106a-aca/Duplo_Project/src/planning': PYTHONPATH=/home/cc/ee106a/sp26/class/ee106a-aca/Duplo_Project/build/planning/prefix_override:/usr/lib/python3/dist-packages/colcon_core/task/python/colcon_distutils_commands:/home/cc/ee106a/sp26/class/ee106a-aca/Duplo_Project/install/planning/lib/python3.10/site-packages:${PYTHONPATH} /usr/bin/python3 -W ignore:setup.py install is deprecated -W ignore:easy_install command is deprecated setup.py egg_info --egg-base ../../build/planning build --build-base /home/cc/ee106a/sp26/class/ee106a-aca/Duplo_Project/build/planning/build install --record /home/cc/ee106a/sp26/class/ee106a-aca/Duplo_Project/build/planning/install.log --single-version-externally-managed install_data
[1.345s] running egg_info
[1.346s] writing ../../build/planning/planning.egg-info/PKG-INFO
[1.350s] writing dependency_links to ../../build/planning/planning.egg-info/dependency_links.txt
[1.354s] writing entry points to ../../build/planning/planning.egg-info/entry_points.txt
[1.357s] writing requirements to ../../build/planning/planning.egg-info/requires.txt
[1.359s] writing top-level names to ../../build/planning/planning.egg-info/top_level.txt
[1.370s] reading manifest file '../../build/planning/planning.egg-info/SOURCES.txt'
[1.373s] writing manifest file '../../build/planning/planning.egg-info/SOURCES.txt'
[1.375s] running build
[1.376s] running build_py
[1.382s] running install
[1.382s] running install_lib
[1.393s] running install_data
[1.395s] running install_egg_info
[1.399s] removing '/home/cc/ee106a/sp26/class/ee106a-aca/Duplo_Project/install/planning/lib/python3.10/site-packages/planning-0.0.0-py3.10.egg-info' (and everything under it)
[1.406s] Copying ../../build/planning/planning.egg-info to /home/cc/ee106a/sp26/class/ee106a-aca/Duplo_Project/install/planning/lib/python3.10/site-packages/planning-0.0.0-py3.10.egg-info
[1.450s] running install_scripts
[1.473s] Installing ik script to /home/cc/ee106a/sp26/class/ee106a-aca/Duplo_Project/install/planning/lib/planning
[1.476s] Installing main script to /home/cc/ee106a/sp26/class/ee106a-aca/Duplo_Project/install/planning/lib/planning
[1.478s] Installing planning_node script to /home/cc/ee106a/sp26/class/ee106a-aca/Duplo_Project/install/planning/lib/planning
[1.481s] writing list of installed files to '/home/cc/ee106a/sp26/class/ee106a-aca/Duplo_Project/build/planning/install.log'
[1.538s] Invoked command in '/home/cc/ee106a/sp26/class/ee106a-aca/Duplo_Project/src/planning' returned '0': PYTHONPATH=/home/cc/ee106a/sp26/class/ee106a-aca/Duplo_Project/build/planning/prefix_override:/usr/lib/python3/dist-packages/colcon_core/task/python/colcon_distutils_commands:/home/cc/ee106a/sp26/class/ee106a-aca/Duplo_Project/install/planning/lib/python3.10/site-packages:${PYTHONPATH} /usr/bin/python3 -W ignore:setup.py install is deprecated -W ignore:easy_install command is deprecated setup.py egg_info --egg-base ../../build/planning build --build-base /home/cc/ee106a/sp26/class/ee106a-aca/Duplo_Project/build/planning/build install --record /home/cc/ee106a/sp26/class/ee106a-aca/Duplo_Project/build/planning/install.log --single-version-externally-managed install_data
