[0.000000] (-) TimerEvent: {}
[0.000480] (perception) JobQueued: {'identifier': 'perception', 'dependencies': OrderedDict()}
[0.000870] (planning) JobQueued: {'identifier': 'planning', 'dependencies': OrderedDict()}
[0.000941] (perception) JobStarted: {'identifier': 'perception'}
[0.099046] (-) TimerEvent: {}
[0.199509] (-) TimerEvent: {}
[0.266737] (planning) JobStarted: {'identifier': 'planning'}
[0.299629] (-) TimerEvent: {}
[0.400090] (-) TimerEvent: {}
[0.500422] (-) TimerEvent: {}
[0.600731] (-) TimerEvent: {}
[0.701081] (-) TimerEvent: {}
[0.801343] (-) TimerEvent: {}
[0.901834] (-) TimerEvent: {}
[1.002055] (-) TimerEvent: {}
[1.102445] (-) TimerEvent: {}
[1.113978] (perception) Command: {'cmd': ['/usr/bin/python3', '-W', 'ignore:setup.py install is deprecated', '-W', 'ignore:easy_install command is deprecated', 'setup.py', 'egg_info', '--egg-base', '../../build/perception', 'build', '--build-base', '/home/cc/ee106a/sp26/class/ee106a-aca/Duplo_Project/build/perception/build', 'install', '--record', '/home/cc/ee106a/sp26/class/ee106a-aca/Duplo_Project/build/perception/install.log', '--single-version-externally-managed', 'install_data'], 'cwd': '/home/cc/ee106a/sp26/class/ee106a-aca/Duplo_Project/src/perception', 'env': {'ARCH': 'x86_64', 'QT_SCALE_FACTOR': '1', 'USER': 'ee106a-aca', 'HOSTNAME': 'ros2', 'XDG_SESSION_TYPE': 'x11', 'MASTERDIR': '/home/ff/ee106a', 'COMPIZ_CONFIG_PROFILE': 'mate', 'XDG_CACHE_HOME': '/home/cc/ee106a/sp26/class/ee106a-aca/.cache', 'SHLVL': '2', 'LD_LIBRARY_PATH': '/opt/ros/turtlebot3_ws/install/turtlebot3_msgs/lib:/opt/ros/turtlebot3_ws/install/dynamixel_sdk_custom_interfaces/lib:/opt/ros/turtlebot3_ws/install/dynamixel_sdk/lib:/usr/lib/x86_64-linux-gnu/gazebo-11/plugins:/opt/ros/humble/opt/rviz_ogre_vendor/lib:/opt/ros/humble/lib/x86_64-linux-gnu:/opt/ros/humble/lib', 'HOME': '/home/cc/ee106a/sp26/class/ee106a-aca', 'OLDPWD': '/home/cc/ee106a/sp26/class/ee106a-aca', 'DESKTOP_SESSION': 'mate', 'ROS_PYTHON_VERSION': '3', 'GTK_MODULES': 'gail:atk-bridge:appmenu-gtk-module:gail:atk-bridge:canberra-gtk-module', 'DISTROBOX_ENTER_PATH': '/usr/local/bin/distrobox-enter', 'SYSTEMD_EXEC_PID': '636284', 'NNTPSERVER': 'news.csua.berkeley.edu', 'VISUAL': 'emacs', 'XDG_STATE_HOME': '/home/cc/ee106a/sp26/class/ee106a-aca/.local/state', 'DBUS_SESSION_BUS_ADDRESS': 'unix:path=/run/user/34166/bus', 'COLORTERM': 'truecolor', 'container': 'podman', 'UBUNTU_MENUPROXY': '1', 'QT_QPA_PLATFORMTHEME': 'gtk2', 'COLCON_PREFIX_PATH': '/opt/ros/turtlebot3_ws/install', 'ROS_DISTRO': 'humble', 'GTK_IM_MODULE': 'ibus', 'LOGNAME': 'ee106a-aca', 'MASTER': 'ee106a', 'WINDOWID': '33554438', 'ROS_VERSION': '2', 'XDG_SESSION_CLASS': 'user', 'TERMINFO_DIRS': '/usr/share/terminfo:/run/host/usr/share/terminfo', 'USERNAME': 'ee106a-aca', 'TERM': 'xterm-256color', 'GTK_OVERLAY_SCROLLING': '0', 'XDG_SESSION_ID': '35459', 'ROS_LOCALHOST_ONLY': '0', 'WINDOWPATH': '2', 'PATH': '/opt/ros/humble/bin:/share/b/grading/bin:/home/ff/ee106a/bin:/home/ff/ee106a/bin/arch/x86_64:/share/b/grading/bin:/home/ff/ee106a/bin:/home/ff/ee106a/bin/arch/x86_64:/usr/local/sbin:/usr/local/bin:/usr/sbin:/usr/bin:/sbin:/bin:/usr/games:/usr/local/games:/snap/bin:/snap/bin:/share/b/grading/bin:/share/b/grading/sbin:/share/b/runas/x86_64:/share/b/bin:/home/ff/ee106a/venvs/all:/usr/local/sbin:/usr/local/bin:/usr/sbin:/usr/bin:/sbin:/bin:/share/b/grading/bin:/share/b/grading/sbin:/share/b/runas/x86_64:/share/b/bin:/home/ff/ee106a/venvs/all', 'SESSION_MANAGER': 'local/c105-1:@/tmp/.ICE-unix/636371,unix/c105-1:/tmp/.ICE-unix/636371', 'OS': 'Linux', 'XDG_RUNTIME_DIR': '/run/user/34166', 'DISPLAY': ':1', 'LANG': 'en_US.UTF-8', 'XDG_CURRENT_DESKTOP': 'MATE', 'XDG_DATA_HOME': '/home/cc/ee106a/sp26/class/ee106a-aca/.local/share', 'XDG_CONFIG_HOME': '/home/cc/ee106a/sp26/class/ee106a-aca/.config', 'XMODIFIERS': '@im=ibus', 'XDG_SESSION_DESKTOP': 'mate', 'XAUTHORITY': '/run/user/34166/gdm/Xauthority', 'SSH_AUTH_SOCK': '/run/user/34166/keyring/ssh', 'ROS_DOMAIN_ID': '21', 'AMENT_PREFIX_PATH': '/opt/ros/turtlebot3_ws/install/turtlebot3:/opt/ros/turtlebot3_ws/install/turtlebot3_teleop:/opt/ros/turtlebot3_ws/install/turtlebot3_bringup:/opt/ros/turtlebot3_ws/install/turtlebot3_node:/opt/ros/turtlebot3_ws/install/turtlebot3_navigation2:/opt/ros/turtlebot3_ws/install/turtlebot3_example:/opt/ros/turtlebot3_ws/install/turtlebot3_msgs:/opt/ros/turtlebot3_ws/install/turtlebot3_description:/opt/ros/turtlebot3_ws/install/turtlebot3_cartographer:/opt/ros/turtlebot3_ws/install/dynamixel_sdk_examples:/opt/ros/turtlebot3_ws/install/dynamixel_sdk_custom_interfaces:/opt/ros/turtlebot3_ws/install/dynamixel_sdk:/opt/ros/humble', 'SHELL': '/usr/bin/bash', 'QT_ACCESSIBILITY': '1', 'GDMSESSION': 'mate', 'RUNAS': '/share/b/runas/x86_64', 'GPG_AGENT_INFO': '/run/user/34166/gnupg/S.gpg-agent:0:1', 'CONFIG_SHELL': '/usr/bin/ksh', 'QT_IM_MODULE': 'ibus', 'PWD': '/home/cc/ee106a/sp26/class/ee106a-aca/Duplo_Project/build/perception', 'EE106_ENV_SETUP': 'turtlebot_ros2', 'CONTAINER_ID': 'ros2', 'TURTLEBOT3_MODEL': 'burger', 'LC_ALL': 'C.UTF-8', 'XDG_CONFIG_DIRS': '/etc/xdg/xdg-mate:/etc/xdg', 'CLUTTER_IM_MODULE': 'ibus', 'XDG_DATA_DIRS': '/usr/share/mate:/usr/share/mate:/usr/share/gnome:/home/cc/ee106a/sp26/class/ee106a-aca/.local/share/flatpak/exports/share:/var/lib/flatpak/exports/share:/usr/local/share/:/usr/share/:/var/lib/snapd/desktop:/usr/local/share:/usr/share', 'PYTHONPATH': '/home/cc/ee106a/sp26/class/ee106a-aca/Duplo_Project/build/perception/prefix_override:/usr/lib/python3/dist-packages/colcon_core/task/python/colcon_distutils_commands:/home/cc/ee106a/sp26/class/ee106a-aca/Duplo_Project/install/perception/lib/python3.10/site-packages:/opt/ros/turtlebot3_ws/build/turtlebot3_teleop:/opt/ros/turtlebot3_ws/install/turtlebot3_teleop/lib/python3.10/site-packages:/opt/ros/turtlebot3_ws/build/turtlebot3_example:/opt/ros/turtlebot3_ws/install/turtlebot3_example/lib/python3.10/site-packages:/opt/ros/turtlebot3_ws/install/turtlebot3_msgs/local/lib/python3.10/dist-packages:/opt/ros/turtlebot3_ws/install/dynamixel_sdk_custom_interfaces/local/lib/python3.10/dist-packages:/opt/ros/turtlebot3_ws/install/dynamixel_sdk/local/lib/python3.10/dist-packages:/opt/ros/humble/lib/python3.10/site-packages:/opt/ros/humble/local/lib/python3.10/dist-packages', 'MATE_DESKTOP_SESSION_ID': 'this-is-deprecated', 'COLCON': '1', 'MANPATH': '/usr/local/man:/usr/man:/usr/X11/man:/usr/local/man:/share/b/grading/man:/usr/local/man:/usr/man:/usr/X11/man:/usr/local/man:/share/b/grading/man:', 'VTE_VERSION': '6800', 'EDITOR': 'emacs', 'CMAKE_PREFIX_PATH': '/opt/ros/turtlebot3_ws/install/turtlebot3:/opt/ros/turtlebot3_ws/install/turtlebot3_bringup:/opt/ros/turtlebot3_ws/install/turtlebot3_node:/opt/ros/turtlebot3_ws/install/turtlebot3_navigation2:/opt/ros/turtlebot3_ws/install/turtlebot3_msgs:/opt/ros/turtlebot3_ws/install/turtlebot3_description:/opt/ros/turtlebot3_ws/install/turtlebot3_cartographer:/opt/ros/turtlebot3_ws/install/dynamixel_sdk_examples:/opt/ros/turtlebot3_ws/install/dynamixel_sdk_custom_interfaces:/opt/ros/turtlebot3_ws/install/dynamixel_sdk', 'QT_FONT_DPI': '122'}, 'shell': False}
[1.121596] (planning) Command: {'cmd': ['/usr/bin/python3', '-W', 'ignore:setup.py install is deprecated', '-W', 'ignore:easy_install command is deprecated', 'setup.py', 'egg_info', '--egg-base', '../../build/planning', 'build', '--build-base', '/home/cc/ee106a/sp26/class/ee106a-aca/Duplo_Project/build/planning/build', 'install', '--record', '/home/cc/ee106a/sp26/class/ee106a-aca/Duplo_Project/build/planning/install.log', '--single-version-externally-managed', 'install_data'], 'cwd': '/home/cc/ee106a/sp26/class/ee106a-aca/Duplo_Project/src/planning', 'env': {'ARCH': 'x86_64', 'QT_SCALE_FACTOR': '1', 'USER': 'ee106a-aca', 'HOSTNAME': 'ros2', 'XDG_SESSION_TYPE': 'x11', 'MASTERDIR': '/home/ff/ee106a', 'COMPIZ_CONFIG_PROFILE': 'mate', 'XDG_CACHE_HOME': '/home/cc/ee106a/sp26/class/ee106a-aca/.cache', 'SHLVL': '2', 'LD_LIBRARY_PATH': '/opt/ros/turtlebot3_ws/install/turtlebot3_msgs/lib:/opt/ros/turtlebot3_ws/install/dynamixel_sdk_custom_interfaces/lib:/opt/ros/turtlebot3_ws/install/dynamixel_sdk/lib:/usr/lib/x86_64-linux-gnu/gazebo-11/plugins:/opt/ros/humble/opt/rviz_ogre_vendor/lib:/opt/ros/humble/lib/x86_64-linux-gnu:/opt/ros/humble/lib', 'HOME': '/home/cc/ee106a/sp26/class/ee106a-aca', 'OLDPWD': '/home/cc/ee106a/sp26/class/ee106a-aca', 'DESKTOP_SESSION': 'mate', 'ROS_PYTHON_VERSION': '3', 'GTK_MODULES': 'gail:atk-bridge:appmenu-gtk-module:gail:atk-bridge:canberra-gtk-module', 'DISTROBOX_ENTER_PATH': '/usr/local/bin/distrobox-enter', 'SYSTEMD_EXEC_PID': '636284', 'NNTPSERVER': 'news.csua.berkeley.edu', 'VISUAL': 'emacs', 'XDG_STATE_HOME': '/home/cc/ee106a/sp26/class/ee106a-aca/.local/state', 'DBUS_SESSION_BUS_ADDRESS': 'unix:path=/run/user/34166/bus', 'COLORTERM': 'truecolor', 'container': 'podman', 'UBUNTU_MENUPROXY': '1', 'QT_QPA_PLATFORMTHEME': 'gtk2', 'COLCON_PREFIX_PATH': '/opt/ros/turtlebot3_ws/install', 'ROS_DISTRO': 'humble', 'GTK_IM_MODULE': 'ibus', 'LOGNAME': 'ee106a-aca', 'MASTER': 'ee106a', 'WINDOWID': '33554438', 'ROS_VERSION': '2', 'XDG_SESSION_CLASS': 'user', 'TERMINFO_DIRS': '/usr/share/terminfo:/run/host/usr/share/terminfo', 'USERNAME': 'ee106a-aca', 'TERM': 'xterm-256color', 'GTK_OVERLAY_SCROLLING': '0', 'XDG_SESSION_ID': '35459', 'ROS_LOCALHOST_ONLY': '0', 'WINDOWPATH': '2', 'PATH': '/opt/ros/humble/bin:/share/b/grading/bin:/home/ff/ee106a/bin:/home/ff/ee106a/bin/arch/x86_64:/share/b/grading/bin:/home/ff/ee106a/bin:/home/ff/ee106a/bin/arch/x86_64:/usr/local/sbin:/usr/local/bin:/usr/sbin:/usr/bin:/sbin:/bin:/usr/games:/usr/local/games:/snap/bin:/snap/bin:/share/b/grading/bin:/share/b/grading/sbin:/share/b/runas/x86_64:/share/b/bin:/home/ff/ee106a/venvs/all:/usr/local/sbin:/usr/local/bin:/usr/sbin:/usr/bin:/sbin:/bin:/share/b/grading/bin:/share/b/grading/sbin:/share/b/runas/x86_64:/share/b/bin:/home/ff/ee106a/venvs/all', 'SESSION_MANAGER': 'local/c105-1:@/tmp/.ICE-unix/636371,unix/c105-1:/tmp/.ICE-unix/636371', 'OS': 'Linux', 'XDG_RUNTIME_DIR': '/run/user/34166', 'DISPLAY': ':1', 'LANG': 'en_US.UTF-8', 'XDG_CURRENT_DESKTOP': 'MATE', 'XDG_DATA_HOME': '/home/cc/ee106a/sp26/class/ee106a-aca/.local/share', 'XDG_CONFIG_HOME': '/home/cc/ee106a/sp26/class/ee106a-aca/.config', 'XMODIFIERS': '@im=ibus', 'XDG_SESSION_DESKTOP': 'mate', 'XAUTHORITY': '/run/user/34166/gdm/Xauthority', 'SSH_AUTH_SOCK': '/run/user/34166/keyring/ssh', 'ROS_DOMAIN_ID': '21', 'AMENT_PREFIX_PATH': '/opt/ros/turtlebot3_ws/install/turtlebot3:/opt/ros/turtlebot3_ws/install/turtlebot3_teleop:/opt/ros/turtlebot3_ws/install/turtlebot3_bringup:/opt/ros/turtlebot3_ws/install/turtlebot3_node:/opt/ros/turtlebot3_ws/install/turtlebot3_navigation2:/opt/ros/turtlebot3_ws/install/turtlebot3_example:/opt/ros/turtlebot3_ws/install/turtlebot3_msgs:/opt/ros/turtlebot3_ws/install/turtlebot3_description:/opt/ros/turtlebot3_ws/install/turtlebot3_cartographer:/opt/ros/turtlebot3_ws/install/dynamixel_sdk_examples:/opt/ros/turtlebot3_ws/install/dynamixel_sdk_custom_interfaces:/opt/ros/turtlebot3_ws/install/dynamixel_sdk:/opt/ros/humble', 'SHELL': '/usr/bin/bash', 'QT_ACCESSIBILITY': '1', 'GDMSESSION': 'mate', 'RUNAS': '/share/b/runas/x86_64', 'GPG_AGENT_INFO': '/run/user/34166/gnupg/S.gpg-agent:0:1', 'CONFIG_SHELL': '/usr/bin/ksh', 'QT_IM_MODULE': 'ibus', 'PWD': '/home/cc/ee106a/sp26/class/ee106a-aca/Duplo_Project/build/planning', 'EE106_ENV_SETUP': 'turtlebot_ros2', 'CONTAINER_ID': 'ros2', 'TURTLEBOT3_MODEL': 'burger', 'LC_ALL': 'C.UTF-8', 'XDG_CONFIG_DIRS': '/etc/xdg/xdg-mate:/etc/xdg', 'CLUTTER_IM_MODULE': 'ibus', 'XDG_DATA_DIRS': '/usr/share/mate:/usr/share/mate:/usr/share/gnome:/home/cc/ee106a/sp26/class/ee106a-aca/.local/share/flatpak/exports/share:/var/lib/flatpak/exports/share:/usr/local/share/:/usr/share/:/var/lib/snapd/desktop:/usr/local/share:/usr/share', 'PYTHONPATH': '/home/cc/ee106a/sp26/class/ee106a-aca/Duplo_Project/build/planning/prefix_override:/usr/lib/python3/dist-packages/colcon_core/task/python/colcon_distutils_commands:/home/cc/ee106a/sp26/class/ee106a-aca/Duplo_Project/install/planning/lib/python3.10/site-packages:/opt/ros/turtlebot3_ws/build/turtlebot3_teleop:/opt/ros/turtlebot3_ws/install/turtlebot3_teleop/lib/python3.10/site-packages:/opt/ros/turtlebot3_ws/build/turtlebot3_example:/opt/ros/turtlebot3_ws/install/turtlebot3_example/lib/python3.10/site-packages:/opt/ros/turtlebot3_ws/install/turtlebot3_msgs/local/lib/python3.10/dist-packages:/opt/ros/turtlebot3_ws/install/dynamixel_sdk_custom_interfaces/local/lib/python3.10/dist-packages:/opt/ros/turtlebot3_ws/install/dynamixel_sdk/local/lib/python3.10/dist-packages:/opt/ros/humble/lib/python3.10/site-packages:/opt/ros/humble/local/lib/python3.10/dist-packages', 'MATE_DESKTOP_SESSION_ID': 'this-is-deprecated', 'COLCON': '1', 'MANPATH': '/usr/local/man:/usr/man:/usr/X11/man:/usr/local/man:/share/b/grading/man:/usr/local/man:/usr/man:/usr/X11/man:/usr/local/man:/share/b/grading/man:', 'VTE_VERSION': '6800', 'EDITOR': 'emacs', 'CMAKE_PREFIX_PATH': '/opt/ros/turtlebot3_ws/install/turtlebot3:/opt/ros/turtlebot3_ws/install/turtlebot3_bringup:/opt/ros/turtlebot3_ws/install/turtlebot3_node:/opt/ros/turtlebot3_ws/install/turtlebot3_navigation2:/opt/ros/turtlebot3_ws/install/turtlebot3_msgs:/opt/ros/turtlebot3_ws/install/turtlebot3_description:/opt/ros/turtlebot3_ws/install/turtlebot3_cartographer:/opt/ros/turtlebot3_ws/install/dynamixel_sdk_examples:/opt/ros/turtlebot3_ws/install/dynamixel_sdk_custom_interfaces:/opt/ros/turtlebot3_ws/install/dynamixel_sdk', 'QT_FONT_DPI': '122'}, 'shell': False}
[1.202560] (-) TimerEvent: {}
[1.302749] (-) TimerEvent: {}
[1.320756] (perception) StdoutLine: {'line': b'running egg_info\n'}
[1.321720] (perception) StdoutLine: {'line': b'writing ../../build/perception/perception.egg-info/PKG-INFO\n'}
[1.323031] (planning) StdoutLine: {'line': b'running egg_info\n'}
[1.324021] (planning) StdoutLine: {'line': b'writing ../../build/planning/planning.egg-info/PKG-INFO\n'}
[1.325855] (perception) StdoutLine: {'line': b'writing dependency_links to ../../build/perception/perception.egg-info/dependency_links.txt\n'}
[1.328164] (planning) StdoutLine: {'line': b'writing dependency_links to ../../build/planning/planning.egg-info/dependency_links.txt\n'}
[1.329449] (perception) StdoutLine: {'line': b'writing entry points to ../../build/perception/perception.egg-info/entry_points.txt\n'}
[1.332510] (planning) StdoutLine: {'line': b'writing entry points to ../../build/planning/planning.egg-info/entry_points.txt\n'}
[1.332865] (perception) StdoutLine: {'line': b'writing requirements to ../../build/perception/perception.egg-info/requires.txt\n'}
[1.335761] (planning) StdoutLine: {'line': b'writing requirements to ../../build/planning/planning.egg-info/requires.txt\n'}
[1.336007] (perception) StdoutLine: {'line': b'writing top-level names to ../../build/perception/perception.egg-info/top_level.txt\n'}
[1.339155] (planning) StdoutLine: {'line': b'writing top-level names to ../../build/planning/planning.egg-info/top_level.txt\n'}
[1.347231] (planning) StdoutLine: {'line': b"reading manifest file '../../build/planning/planning.egg-info/SOURCES.txt'\n"}
[1.347431] (perception) StdoutLine: {'line': b"reading manifest file '../../build/perception/perception.egg-info/SOURCES.txt'\n"}
[1.351129] (planning) StdoutLine: {'line': b"writing manifest file '../../build/planning/planning.egg-info/SOURCES.txt'\n"}
[1.351485] (perception) StdoutLine: {'line': b"writing manifest file '../../build/perception/perception.egg-info/SOURCES.txt'\n"}
[1.353393] (planning) StdoutLine: {'line': b'running build\n'}
[1.353872] (planning) StdoutLine: {'line': b'running build_py\n'}
[1.354329] (perception) StdoutLine: {'line': b'running build\n'}
[1.354583] (perception) StdoutLine: {'line': b'running build_py\n'}
[1.358369] (perception) StdoutLine: {'line': b'running install\n'}
[1.358759] (perception) StdoutLine: {'line': b'running install_lib\n'}
[1.358997] (planning) StdoutLine: {'line': b'running install\n'}
[1.359812] (planning) StdoutLine: {'line': b'running install_lib\n'}
[1.366481] (perception) StdoutLine: {'line': b'running install_data\n'}
[1.367893] (perception) StdoutLine: {'line': b'running install_egg_info\n'}
[1.368958] (planning) StdoutLine: {'line': b'running install_data\n'}
[1.370202] (perception) StdoutLine: {'line': b"removing '/home/cc/ee106a/sp26/class/ee106a-aca/Duplo_Project/install/perception/lib/python3.10/site-packages/perception-0.0.0-py3.10.egg-info' (and everything under it)\n"}
[1.371230] (planning) StdoutLine: {'line': b'copying package.xml -> /home/cc/ee106a/sp26/class/ee106a-aca/Duplo_Project/install/planning/share/planning\n'}
[1.375853] (planning) StdoutLine: {'line': b'running install_egg_info\n'}
[1.378605] (planning) StdoutLine: {'line': b"removing '/home/cc/ee106a/sp26/class/ee106a-aca/Duplo_Project/install/planning/lib/python3.10/site-packages/planning-0.0.0-py3.10.egg-info' (and everything under it)\n"}
[1.379676] (perception) StdoutLine: {'line': b'Copying ../../build/perception/perception.egg-info to /home/cc/ee106a/sp26/class/ee106a-aca/Duplo_Project/install/perception/lib/python3.10/site-packages/perception-0.0.0-py3.10.egg-info\n'}
[1.387961] (planning) StdoutLine: {'line': b'Copying ../../build/planning/planning.egg-info to /home/cc/ee106a/sp26/class/ee106a-aca/Duplo_Project/install/planning/lib/python3.10/site-packages/planning-0.0.0-py3.10.egg-info\n'}
[1.402914] (-) TimerEvent: {}
[1.426891] (perception) StdoutLine: {'line': b'running install_scripts\n'}
[1.436805] (planning) StdoutLine: {'line': b'running install_scripts\n'}
[1.458633] (perception) StdoutLine: {'line': b'Installing brick_detector script to /home/cc/ee106a/sp26/class/ee106a-aca/Duplo_Project/install/perception/lib/perception\n'}
[1.462186] (perception) StdoutLine: {'line': b'Installing camera_transform script to /home/cc/ee106a/sp26/class/ee106a-aca/Duplo_Project/install/perception/lib/perception\n'}
[1.463058] (planning) StdoutLine: {'line': b'Installing build_planner script to /home/cc/ee106a/sp26/class/ee106a-aca/Duplo_Project/install/planning/lib/planning\n'}
[1.466447] (perception) StdoutLine: {'line': b'Installing hsv_tuner script to /home/cc/ee106a/sp26/class/ee106a-aca/Duplo_Project/install/perception/lib/perception\n'}
[1.466759] (planning) StdoutLine: {'line': b'Installing ik script to /home/cc/ee106a/sp26/class/ee106a-aca/Duplo_Project/install/planning/lib/planning\n'}
[1.470641] (planning) StdoutLine: {'line': b'Installing main script to /home/cc/ee106a/sp26/class/ee106a-aca/Duplo_Project/install/planning/lib/planning\n'}
[1.471741] (perception) StdoutLine: {'line': b"writing list of installed files to '/home/cc/ee106a/sp26/class/ee106a-aca/Duplo_Project/build/perception/install.log'\n"}
[1.474520] (planning) StdoutLine: {'line': b'Installing planning_node script to /home/cc/ee106a/sp26/class/ee106a-aca/Duplo_Project/install/planning/lib/planning\n'}
[1.478889] (planning) StdoutLine: {'line': b"writing list of installed files to '/home/cc/ee106a/sp26/class/ee106a-aca/Duplo_Project/build/planning/install.log'\n"}
[1.490289] (perception) CommandEnded: {'returncode': 0}
[1.502980] (-) TimerEvent: {}
[1.552446] (perception) JobEnded: {'identifier': 'perception', 'rc': 0}
[1.559537] (planning) CommandEnded: {'returncode': 0}
[1.603101] (-) TimerEvent: {}
[1.607783] (planning) JobEnded: {'identifier': 'planning', 'rc': 0}
[1.613392] (-) EventReactorShutdown: {}
