[0.000000] (-) TimerEvent: {}
[0.000153] (perception) JobQueued: {'identifier': 'perception', 'dependencies': OrderedDict()}
[0.000193] (planning) JobQueued: {'identifier': 'planning', 'dependencies': OrderedDict()}
[0.000221] (perception) JobStarted: {'identifier': 'perception'}
[0.046334] (planning) JobStarted: {'identifier': 'planning'}
[0.099159] (-) TimerEvent: {}
[0.199511] (-) TimerEvent: {}
[0.299743] (-) TimerEvent: {}
[0.400023] (-) TimerEvent: {}
[0.500268] (-) TimerEvent: {}
[0.600527] (-) TimerEvent: {}
[0.700780] (-) TimerEvent: {}
[0.801035] (-) TimerEvent: {}
[0.901318] (-) TimerEvent: {}
[1.001585] (-) TimerEvent: {}
[1.101868] (-) TimerEvent: {}
[1.169334] (perception) Command: {'cmd': ['/usr/bin/python3', '-W', 'ignore:setup.py install is deprecated', '-W', 'ignore:easy_install command is deprecated', 'setup.py', 'egg_info', '--egg-base', '../../build/perception', 'build', '--build-base', '/home/cc/ee106a/sp26/class/ee106a-aca/Duplo_Project/build/perception/build', 'install', '--record', '/home/cc/ee106a/sp26/class/ee106a-aca/Duplo_Project/build/perception/install.log', '--single-version-externally-managed', 'install_data'], 'cwd': '/home/cc/ee106a/sp26/class/ee106a-aca/Duplo_Project/src/perception', 'env': {'ARCH': 'x86_64', 'QT_SCALE_FACTOR': '1', 'USER': 'ee106a-aca', 'HOSTNAME': 'ros2', 'XDG_SESSION_TYPE': 'x11', 'MASTERDIR': '/home/ff/ee106a', 'COMPIZ_CONFIG_PROFILE': 'mate', 'XDG_CACHE_HOME': '/home/cc/ee106a/sp26/class/ee106a-aca/.cache', 'SHLVL': '2', 'LD_LIBRARY_PATH': '/usr/lib/x86_64-linux-gnu/gazebo-11/plugins:/opt/ros/humble/opt/rviz_ogre_vendor/lib:/opt/ros/humble/lib/x86_64-linux-gnu:/opt/ros/humble/lib', 'HOME': '/home/cc/ee106a/sp26/class/ee106a-aca', 'OLDPWD': '/home/cc/ee106a/sp26/class/ee106a-aca', 'DESKTOP_SESSION': 'mate', 'ROS_PYTHON_VERSION': '3', 'GTK_MODULES': 'gail:atk-bridge:appmenu-gtk-module:gail:atk-bridge:canberra-gtk-module', 'EE106_UR_ROBOT_IP': '192.168.1.101', 'DISTROBOX_ENTER_PATH': '/usr/local/bin/distrobox-enter', 'SYSTEMD_EXEC_PID': '405902', 'NNTPSERVER': 'news.csua.berkeley.edu', 'VISUAL': 'emacs', 'XDG_STATE_HOME': '/home/cc/ee106a/sp26/class/ee106a-aca/.local/state', 'DBUS_SESSION_BUS_ADDRESS': 'unix:path=/run/user/34166/bus', 'COLORTERM': 'truecolor', 'container': 'podman', 'UBUNTU_MENUPROXY': '1', 'QT_QPA_PLATFORMTHEME': 'gtk2', 'COLCON_PREFIX_PATH': '/home/cc/ee106a/sp26/class/ee106a-aca/Duplo_Project/install:/home/ff/ee106a/robot_workspaces/ur/install', 'ROS_DISTRO': 'humble', 'GTK_IM_MODULE': 'ibus', 'LOGNAME': 'ee106a-aca', 'MASTER': 'ee106a', 'WINDOWID': '31457286', 'ROS_VERSION': '2', 'XDG_SESSION_CLASS': 'user', 'TERMINFO_DIRS': '/usr/share/terminfo:/run/host/usr/share/terminfo', 'USERNAME': 'ee106a-aca', 'TERM': 'xterm-256color', 'GTK_OVERLAY_SCROLLING': '0', 'XDG_SESSION_ID': '13752', 'ROS_LOCALHOST_ONLY': '0', 'WINDOWPATH': '2', 'PATH': '/opt/ros/humble/bin:/share/b/grading/bin:/home/ff/ee106a/bin:/home/ff/ee106a/bin/arch/x86_64:/share/b/grading/bin:/home/ff/ee106a/bin:/home/ff/ee106a/bin/arch/x86_64:/usr/local/sbin:/usr/local/bin:/usr/sbin:/usr/bin:/sbin:/bin:/usr/games:/usr/local/games:/snap/bin:/snap/bin:/share/b/grading/bin:/share/b/grading/sbin:/share/b/runas/x86_64:/share/b/bin:/home/ff/ee106a/venvs/all:/usr/local/sbin:/usr/local/bin:/usr/sbin:/usr/bin:/sbin:/bin:/share/b/grading/bin:/share/b/grading/sbin:/share/b/runas/x86_64:/share/b/bin:/home/ff/ee106a/venvs/all', 'SESSION_MANAGER': 'local/c105-7:@/tmp/.ICE-unix/406004,unix/c105-7:/tmp/.ICE-unix/406004', 'OS': 'Linux', 'XDG_RUNTIME_DIR': '/run/user/34166', 'DISPLAY': ':1', 'LANG': 'en_US.UTF-8', 'XDG_CURRENT_DESKTOP': 'MATE', 'XDG_DATA_HOME': '/home/cc/ee106a/sp26/class/ee106a-aca/.local/share', 'XDG_CONFIG_HOME': '/home/cc/ee106a/sp26/class/ee106a-aca/.config', 'XMODIFIERS': '@im=ibus', 'XDG_SESSION_DESKTOP': 'mate', 'XAUTHORITY': '/run/user/34166/gdm/Xauthority', 'SSH_AUTH_SOCK': '/run/user/34166/keyring/ssh', 'ROS_DOMAIN_ID': '27', 'AMENT_PREFIX_PATH': '/home/cc/ee106a/sp26/class/ee106a-aca/Duplo_Project/install/planning:/home/cc/ee106a/sp26/class/ee106a-aca/Duplo_Project/install/perception:/home/ff/ee106a/robot_workspaces/ur/install/ur7e_utils:/opt/ros/humble', 'SHELL': '/usr/bin/bash', 'QT_ACCESSIBILITY': '1', 'EE106_UR_ROBOT_NAME': 'r2d2', 'GDMSESSION': 'mate', 'RUNAS': '/share/b/runas/x86_64', 'GPG_AGENT_INFO': '/run/user/34166/gnupg/S.gpg-agent:0:1', 'CONFIG_SHELL': '/usr/bin/ksh', 'QT_IM_MODULE': 'ibus', 'PWD': '/home/cc/ee106a/sp26/class/ee106a-aca/Duplo_Project/build/perception', 'EE106_ENV_SETUP': 'ur_ros2', 'CONTAINER_ID': 'ros2', 'LC_ALL': 'C.UTF-8', 'XDG_CONFIG_DIRS': '/etc/xdg/xdg-mate:/etc/xdg', 'CLUTTER_IM_MODULE': 'ibus', 'XDG_DATA_DIRS': '/usr/share/mate:/usr/share/mate:/usr/share/gnome:/home/cc/ee106a/sp26/class/ee106a-aca/.local/share/flatpak/exports/share:/var/lib/flatpak/exports/share:/usr/local/share/:/usr/share/:/var/lib/snapd/desktop:/usr/local/share:/usr/share', 'PYTHONPATH': '/home/cc/ee106a/sp26/class/ee106a-aca/Duplo_Project/build/perception/prefix_override:/usr/lib/python3/dist-packages/colcon_core/task/python/colcon_distutils_commands:/home/cc/ee106a/sp26/class/ee106a-aca/Duplo_Project/install/perception/lib/python3.10/site-packages:/home/cc/ee106a/sp26/class/ee106a-aca/Duplo_Project/install/planning/lib/python3.10/site-packages:/home/cc/ee106a/sp26/class/ee106a-aca/Duplo_Project/install/perception/lib/python3.10/site-packages:/home/ff/ee106a/robot_workspaces/ur/install/ur7e_utils/lib/python3.10/site-packages:/opt/ros/humble/lib/python3.10/site-packages:/opt/ros/humble/local/lib/python3.10/dist-packages', 'MATE_DESKTOP_SESSION_ID': 'this-is-deprecated', 'COLCON': '1', 'MANPATH': '/usr/local/man:/usr/man:/usr/X11/man:/usr/local/man:/share/b/grading/man:/usr/local/man:/usr/man:/usr/X11/man:/usr/local/man:/share/b/grading/man:', 'VTE_VERSION': '6800', 'EDITOR': 'emacs', 'QT_FONT_DPI': '122'}, 'shell': False}
[1.191701] (planning) Command: {'cmd': ['/usr/bin/python3', '-W', 'ignore:setup.py install is deprecated', '-W', 'ignore:easy_install command is deprecated', 'setup.py', 'egg_info', '--egg-base', '../../build/planning', 'build', '--build-base', '/home/cc/ee106a/sp26/class/ee106a-aca/Duplo_Project/build/planning/build', 'install', '--record', '/home/cc/ee106a/sp26/class/ee106a-aca/Duplo_Project/build/planning/install.log', '--single-version-externally-managed', 'install_data'], 'cwd': '/home/cc/ee106a/sp26/class/ee106a-aca/Duplo_Project/src/planning', 'env': {'ARCH': 'x86_64', 'QT_SCALE_FACTOR': '1', 'USER': 'ee106a-aca', 'HOSTNAME': 'ros2', 'XDG_SESSION_TYPE': 'x11', 'MASTERDIR': '/home/ff/ee106a', 'COMPIZ_CONFIG_PROFILE': 'mate', 'XDG_CACHE_HOME': '/home/cc/ee106a/sp26/class/ee106a-aca/.cache', 'SHLVL': '2', 'LD_LIBRARY_PATH': '/usr/lib/x86_64-linux-gnu/gazebo-11/plugins:/opt/ros/humble/opt/rviz_ogre_vendor/lib:/opt/ros/humble/lib/x86_64-linux-gnu:/opt/ros/humble/lib', 'HOME': '/home/cc/ee106a/sp26/class/ee106a-aca', 'OLDPWD': '/home/cc/ee106a/sp26/class/ee106a-aca', 'DESKTOP_SESSION': 'mate', 'ROS_PYTHON_VERSION': '3', 'GTK_MODULES': 'gail:atk-bridge:appmenu-gtk-module:gail:atk-bridge:canberra-gtk-module', 'EE106_UR_ROBOT_IP': '192.168.1.101', 'DISTROBOX_ENTER_PATH': '/usr/local/bin/distrobox-enter', 'SYSTEMD_EXEC_PID': '405902', 'NNTPSERVER': 'news.csua.berkeley.edu', 'VISUAL': 'emacs', 'XDG_STATE_HOME': '/home/cc/ee106a/sp26/class/ee106a-aca/.local/state', 'DBUS_SESSION_BUS_ADDRESS': 'unix:path=/run/user/34166/bus', 'COLORTERM': 'truecolor', 'container': 'podman', 'UBUNTU_MENUPROXY': '1', 'QT_QPA_PLATFORMTHEME': 'gtk2', 'COLCON_PREFIX_PATH': '/home/cc/ee106a/sp26/class/ee106a-aca/Duplo_Project/install:/home/ff/ee106a/robot_workspaces/ur/install', 'ROS_DISTRO': 'humble', 'GTK_IM_MODULE': 'ibus', 'LOGNAME': 'ee106a-aca', 'MASTER': 'ee106a', 'WINDOWID': '31457286', 'ROS_VERSION': '2', 'XDG_SESSION_CLASS': 'user', 'TERMINFO_DIRS': '/usr/share/terminfo:/run/host/usr/share/terminfo', 'USERNAME': 'ee106a-aca', 'TERM': 'xterm-256color', 'GTK_OVERLAY_SCROLLING': '0', 'XDG_SESSION_ID': '13752', 'ROS_LOCALHOST_ONLY': '0', 'WINDOWPATH': '2', 'PATH': '/opt/ros/humble/bin:/share/b/grading/bin:/home/ff/ee106a/bin:/home/ff/ee106a/bin/arch/x86_64:/share/b/grading/bin:/home/ff/ee106a/bin:/home/ff/ee106a/bin/arch/x86_64:/usr/local/sbin:/usr/local/bin:/usr/sbin:/usr/bin:/sbin:/bin:/usr/games:/usr/local/games:/snap/bin:/snap/bin:/share/b/grading/bin:/share/b/grading/sbin:/share/b/runas/x86_64:/share/b/bin:/home/ff/ee106a/venvs/all:/usr/local/sbin:/usr/local/bin:/usr/sbin:/usr/bin:/sbin:/bin:/share/b/grading/bin:/share/b/grading/sbin:/share/b/runas/x86_64:/share/b/bin:/home/ff/ee106a/venvs/all', 'SESSION_MANAGER': 'local/c105-7:@/tmp/.ICE-unix/406004,unix/c105-7:/tmp/.ICE-unix/406004', 'OS': 'Linux', 'XDG_RUNTIME_DIR': '/run/user/34166', 'DISPLAY': ':1', 'LANG': 'en_US.UTF-8', 'XDG_CURRENT_DESKTOP': 'MATE', 'XDG_DATA_HOME': '/home/cc/ee106a/sp26/class/ee106a-aca/.local/share', 'XDG_CONFIG_HOME': '/home/cc/ee106a/sp26/class/ee106a-aca/.config', 'XMODIFIERS': '@im=ibus', 'XDG_SESSION_DESKTOP': 'mate', 'XAUTHORITY': '/run/user/34166/gdm/Xauthority', 'SSH_AUTH_SOCK': '/run/user/34166/keyring/ssh', 'ROS_DOMAIN_ID': '27', 'AMENT_PREFIX_PATH': '/home/cc/ee106a/sp26/class/ee106a-aca/Duplo_Project/install/planning:/home/cc/ee106a/sp26/class/ee106a-aca/Duplo_Project/install/perception:/home/ff/ee106a/robot_workspaces/ur/install/ur7e_utils:/opt/ros/humble', 'SHELL': '/usr/bin/bash', 'QT_ACCESSIBILITY': '1', 'EE106_UR_ROBOT_NAME': 'r2d2', 'GDMSESSION': 'mate', 'RUNAS': '/share/b/runas/x86_64', 'GPG_AGENT_INFO': '/run/user/34166/gnupg/S.gpg-agent:0:1', 'CONFIG_SHELL': '/usr/bin/ksh', 'QT_IM_MODULE': 'ibus', 'PWD': '/home/cc/ee106a/sp26/class/ee106a-aca/Duplo_Project/build/planning', 'EE106_ENV_SETUP': 'ur_ros2', 'CONTAINER_ID': 'ros2', 'LC_ALL': 'C.UTF-8', 'XDG_CONFIG_DIRS': '/etc/xdg/xdg-mate:/etc/xdg', 'CLUTTER_IM_MODULE': 'ibus', 'XDG_DATA_DIRS': '/usr/share/mate:/usr/share/mate:/usr/share/gnome:/home/cc/ee106a/sp26/class/ee106a-aca/.local/share/flatpak/exports/share:/var/lib/flatpak/exports/share:/usr/local/share/:/usr/share/:/var/lib/snapd/desktop:/usr/local/share:/usr/share', 'PYTHONPATH': '/home/cc/ee106a/sp26/class/ee106a-aca/Duplo_Project/build/planning/prefix_override:/usr/lib/python3/dist-packages/colcon_core/task/python/colcon_distutils_commands:/home/cc/ee106a/sp26/class/ee106a-aca/Duplo_Project/install/planning/lib/python3.10/site-packages:/home/cc/ee106a/sp26/class/ee106a-aca/Duplo_Project/install/planning/lib/python3.10/site-packages:/home/cc/ee106a/sp26/class/ee106a-aca/Duplo_Project/install/perception/lib/python3.10/site-packages:/home/ff/ee106a/robot_workspaces/ur/install/ur7e_utils/lib/python3.10/site-packages:/opt/ros/humble/lib/python3.10/site-packages:/opt/ros/humble/local/lib/python3.10/dist-packages', 'MATE_DESKTOP_SESSION_ID': 'this-is-deprecated', 'COLCON': '1', 'MANPATH': '/usr/local/man:/usr/man:/usr/X11/man:/usr/local/man:/share/b/grading/man:/usr/local/man:/usr/man:/usr/X11/man:/usr/local/man:/share/b/grading/man:', 'VTE_VERSION': '6800', 'EDITOR': 'emacs', 'QT_FONT_DPI': '122'}, 'shell': False}
[1.201952] (-) TimerEvent: {}
[1.302265] (-) TimerEvent: {}
[1.402554] (-) TimerEvent: {}
[1.467231] (perception) StdoutLine: {'line': b'running egg_info\n'}
[1.468284] (perception) StdoutLine: {'line': b'writing ../../build/perception/perception.egg-info/PKG-INFO\n'}
[1.472327] (perception) StdoutLine: {'line': b'writing dependency_links to ../../build/perception/perception.egg-info/dependency_links.txt\n'}
[1.475801] (perception) StdoutLine: {'line': b'writing entry points to ../../build/perception/perception.egg-info/entry_points.txt\n'}
[1.477726] (planning) StdoutLine: {'line': b'running egg_info\n'}
[1.478241] (perception) StdoutLine: {'line': b'writing requirements to ../../build/perception/perception.egg-info/requires.txt\n'}
[1.478578] (planning) StdoutLine: {'line': b'writing ../../build/planning/planning.egg-info/PKG-INFO\n'}
[1.480472] (perception) StdoutLine: {'line': b'writing top-level names to ../../build/perception/perception.egg-info/top_level.txt\n'}
[1.482539] (planning) StdoutLine: {'line': b'writing dependency_links to ../../build/planning/planning.egg-info/dependency_links.txt\n'}
[1.485928] (planning) StdoutLine: {'line': b'writing entry points to ../../build/planning/planning.egg-info/entry_points.txt\n'}
[1.488402] (planning) StdoutLine: {'line': b'writing requirements to ../../build/planning/planning.egg-info/requires.txt\n'}
[1.489792] (perception) StdoutLine: {'line': b"reading manifest file '../../build/perception/perception.egg-info/SOURCES.txt'\n"}
[1.490610] (planning) StdoutLine: {'line': b'writing top-level names to ../../build/planning/planning.egg-info/top_level.txt\n'}
[1.492331] (perception) StdoutLine: {'line': b"writing manifest file '../../build/perception/perception.egg-info/SOURCES.txt'\n"}
[1.494185] (perception) StdoutLine: {'line': b'running build\n'}
[1.495518] (perception) StdoutLine: {'line': b'running build_py\n'}
[1.497429] (perception) StdoutLine: {'line': b'running install\n'}
[1.498023] (perception) StdoutLine: {'line': b'running install_lib\n'}
[1.499217] (planning) StdoutLine: {'line': b"reading manifest file '../../build/planning/planning.egg-info/SOURCES.txt'\n"}
[1.500290] (perception) StdoutLine: {'line': b'running install_data\n'}
[1.500949] (perception) StdoutLine: {'line': b'running install_egg_info\n'}
[1.502704] (-) TimerEvent: {}
[1.503227] (planning) StdoutLine: {'line': b"writing manifest file '../../build/planning/planning.egg-info/SOURCES.txt'\n"}
[1.504493] (perception) StdoutLine: {'line': b"removing '/home/cc/ee106a/sp26/class/ee106a-aca/Duplo_Project/install/perception/lib/python3.10/site-packages/perception-0.0.0-py3.10.egg-info' (and everything under it)\n"}
[1.506368] (planning) StdoutLine: {'line': b'running build\n'}
[1.506999] (planning) StdoutLine: {'line': b'running build_py\n'}
[1.508373] (planning) StdoutLine: {'line': b'running install\n'}
[1.508741] (planning) StdoutLine: {'line': b'running install_lib\n'}
[1.511707] (planning) StdoutLine: {'line': b'running install_data\n'}
[1.512072] (perception) StdoutLine: {'line': b'Copying ../../build/perception/perception.egg-info to /home/cc/ee106a/sp26/class/ee106a-aca/Duplo_Project/install/perception/lib/python3.10/site-packages/perception-0.0.0-py3.10.egg-info\n'}
[1.512461] (planning) StdoutLine: {'line': b'copying launch/duplo.launch.py -> /home/cc/ee106a/sp26/class/ee106a-aca/Duplo_Project/install/planning/share/planning/launch\n'}
[1.518100] (planning) StdoutLine: {'line': b'running install_egg_info\n'}
[1.523234] (planning) StdoutLine: {'line': b"removing '/home/cc/ee106a/sp26/class/ee106a-aca/Duplo_Project/install/planning/lib/python3.10/site-packages/planning-0.0.0-py3.10.egg-info' (and everything under it)\n"}
[1.531569] (planning) StdoutLine: {'line': b'Copying ../../build/planning/planning.egg-info to /home/cc/ee106a/sp26/class/ee106a-aca/Duplo_Project/install/planning/lib/python3.10/site-packages/planning-0.0.0-py3.10.egg-info\n'}
[1.556511] (perception) StdoutLine: {'line': b'running install_scripts\n'}
[1.574049] (planning) StdoutLine: {'line': b'running install_scripts\n'}
[1.597070] (perception) StdoutLine: {'line': b'Installing brick_detector script to /home/cc/ee106a/sp26/class/ee106a-aca/Duplo_Project/install/perception/lib/perception\n'}
[1.598997] (planning) StdoutLine: {'line': b'Installing ik script to /home/cc/ee106a/sp26/class/ee106a-aca/Duplo_Project/install/planning/lib/planning\n'}
[1.599915] (perception) StdoutLine: {'line': b'Installing camera_transform script to /home/cc/ee106a/sp26/class/ee106a-aca/Duplo_Project/install/perception/lib/perception\n'}
[1.602057] (planning) StdoutLine: {'line': b'Installing main script to /home/cc/ee106a/sp26/class/ee106a-aca/Duplo_Project/install/planning/lib/planning\n'}
[1.602778] (-) TimerEvent: {}
[1.603244] (perception) StdoutLine: {'line': b'Installing hsv_tuner script to /home/cc/ee106a/sp26/class/ee106a-aca/Duplo_Project/install/perception/lib/perception\n'}
[1.605447] (planning) StdoutLine: {'line': b'Installing planning_node script to /home/cc/ee106a/sp26/class/ee106a-aca/Duplo_Project/install/planning/lib/planning\n'}
[1.607530] (perception) StdoutLine: {'line': b"writing list of installed files to '/home/cc/ee106a/sp26/class/ee106a-aca/Duplo_Project/build/perception/install.log'\n"}
[1.609813] (planning) StdoutLine: {'line': b"writing list of installed files to '/home/cc/ee106a/sp26/class/ee106a-aca/Duplo_Project/build/planning/install.log'\n"}
[1.627575] (perception) CommandEnded: {'returncode': 0}
[1.677976] (perception) JobEnded: {'identifier': 'perception', 'rc': 0}
[1.683985] (planning) CommandEnded: {'returncode': 0}
[1.702921] (-) TimerEvent: {}
[1.731444] (planning) JobEnded: {'identifier': 'planning', 'rc': 0}
[1.736491] (-) EventReactorShutdown: {}
