[0.774s] Invoking command in '/home/cc/ee106a/sp26/class/ee106a-aca/Duplo_Project/src/perception': PYTHONPATH=/home/cc/ee106a/sp26/class/ee106a-aca/Duplo_Project/build/perception/prefix_override:/usr/lib/python3/dist-packages/colcon_core/task/python/colcon_distutils_commands:/home/cc/ee106a/sp26/class/ee106a-aca/Duplo_Project/install/perception/lib/python3.10/site-packages:${PYTHONPATH} /usr/bin/python3 -W ignore:setup.py install is deprecated -W ignore:easy_install command is deprecated setup.py egg_info --egg-base ../../build/perception build --build-base /home/cc/ee106a/sp26/class/ee106a-aca/Duplo_Project/build/perception/build install --record /home/cc/ee106a/sp26/class/ee106a-aca/Duplo_Project/build/perception/install.log --single-version-externally-managed install_data
[0.963s] running egg_info
[0.964s] writing ../../build/perception/perception.egg-info/PKG-INFO
[0.966s] writing dependency_links to ../../build/perception/perception.egg-info/dependency_links.txt
[0.969s] writing entry points to ../../build/perception/perception.egg-info/entry_points.txt
[0.971s] writing requirements to ../../build/perception/perception.egg-info/requires.txt
[0.973s] writing top-level names to ../../build/perception/perception.egg-info/top_level.txt
[0.981s] reading manifest file '../../build/perception/perception.egg-info/SOURCES.txt'
[0.983s] writing manifest file '../../build/perception/perception.egg-info/SOURCES.txt'
[0.988s] running build
[0.988s] running build_py
[0.991s] running install
[0.991s] running install_lib
[0.995s] running install_data
[0.996s] running install_egg_info
[0.997s] removing '/home/cc/ee106a/sp26/class/ee106a-aca/Duplo_Project/install/perception/lib/python3.10/site-packages/perception-0.0.0-py3.10.egg-info' (and everything under it)
[1.003s] Copying ../../build/perception/perception.egg-info to /home/cc/ee106a/sp26/class/ee106a-aca/Duplo_Project/install/perception/lib/python3.10/site-packages/perception-0.0.0-py3.10.egg-info
[1.037s] running install_scripts
[1.055s] Installing brick_detector script to /home/cc/ee106a/sp26/class/ee106a-aca/Duplo_Project/install/perception/lib/perception
[1.058s] Installing camera_transform script to /home/cc/ee106a/sp26/class/ee106a-aca/Duplo_Project/install/perception/lib/perception
[1.060s] Installing hsv_tuner script to /home/cc/ee106a/sp26/class/ee106a-aca/Duplo_Project/install/perception/lib/perception
[1.063s] writing list of installed files to '/home/cc/ee106a/sp26/class/ee106a-aca/Duplo_Project/build/perception/install.log'
[1.079s] Invoked command in '/home/cc/ee106a/sp26/class/ee106a-aca/Duplo_Project/src/perception' returned '0': PYTHONPATH=/home/cc/ee106a/sp26/class/ee106a-aca/Duplo_Project/build/perception/prefix_override:/usr/lib/python3/dist-packages/colcon_core/task/python/colcon_distutils_commands:/home/cc/ee106a/sp26/class/ee106a-aca/Duplo_Project/install/perception/lib/python3.10/site-packages:${PYTHONPATH} /usr/bin/python3 -W ignore:setup.py install is deprecated -W ignore:easy_install command is deprecated setup.py egg_info --egg-base ../../build/perception build --build-base /home/cc/ee106a/sp26/class/ee106a-aca/Duplo_Project/build/perception/build install --record /home/cc/ee106a/sp26/class/ee106a-aca/Duplo_Project/build/perception/install.log --single-version-externally-managed install_data
