[0.114s] DEBUG:colcon:Command line arguments: ['/usr/bin/colcon', 'build']
[0.114s] DEBUG:colcon:Parsed command line arguments: Namespace(log_base=None, log_level=None, verb_name='build', build_base='build', install_base='install', merge_install=False, symlink_install=False, test_result_base=None, continue_on_error=False, executor='parallel', parallel_workers=32, event_handlers=None, ignore_user_meta=False, metas=['./colcon.meta'], base_paths=['.'], packages_ignore=None, packages_ignore_regex=None, paths=None, packages_up_to=None, packages_up_to_regex=None, packages_above=None, packages_above_and_dependencies=None, packages_above_depth=None, packages_select_by_dep=None, packages_skip_by_dep=None, packages_skip_up_to=None, packages_select_build_failed=False, packages_skip_build_finished=False, packages_select_test_failures=False, packages_skip_test_passed=False, packages_select=None, packages_skip=None, packages_select_regex=None, packages_skip_regex=None, packages_start=None, packages_end=None, cmake_args=None, cmake_target=None, cmake_target_skip_unavailable=False, cmake_clean_cache=False, cmake_clean_first=False, cmake_force_configure=False, ament_cmake_args=None, catkin_cmake_args=None, catkin_skip_building_tests=False, mixin_files=None, mixin=None, verb_parser=<colcon_mixin.mixin.mixin_argument.MixinArgumentDecorator object at 0x7429f41b98a0>, verb_extension=<colcon_core.verb.build.BuildVerb object at 0x7429f42d67a0>, main=<bound method BuildVerb.main of <colcon_core.verb.build.BuildVerb object at 0x7429f42d67a0>>, mixin_verb=('build',))
[0.267s] Level 1:colcon.colcon_core.package_discovery:discover_packages(colcon_meta) check parameters
[0.267s] Level 1:colcon.colcon_core.package_discovery:discover_packages(recursive) check parameters
[0.267s] Level 1:colcon.colcon_core.package_discovery:discover_packages(ignore) check parameters
[0.267s] Level 1:colcon.colcon_core.package_discovery:discover_packages(path) check parameters
[0.268s] Level 1:colcon.colcon_core.package_discovery:discover_packages(colcon_meta) discover
[0.268s] Level 1:colcon.colcon_core.package_discovery:discover_packages(recursive) discover
[0.269s] INFO:colcon.colcon_core.package_discovery:Crawling recursively for packages in '/home/cc/ee106a/sp26/class/ee106a-aca/Duplo_Project'
[0.270s] Level 1:colcon.colcon_core.package_identification:_identify(.) by extensions ['ignore', 'ignore_ament_install']
[0.270s] Level 1:colcon.colcon_core.package_identification:_identify(.) by extension 'ignore'
[0.270s] Level 1:colcon.colcon_core.package_identification:_identify(.) by extension 'ignore_ament_install'
[0.271s] Level 1:colcon.colcon_core.package_identification:_identify(.) by extensions ['colcon_pkg']
[0.271s] Level 1:colcon.colcon_core.package_identification:_identify(.) by extension 'colcon_pkg'
[0.271s] Level 1:colcon.colcon_core.package_identification:_identify(.) by extensions ['colcon_meta']
[0.272s] Level 1:colcon.colcon_core.package_identification:_identify(.) by extension 'colcon_meta'
[0.272s] Level 1:colcon.colcon_core.package_identification:_identify(.) by extensions ['ros']
[0.273s] Level 1:colcon.colcon_core.package_identification:_identify(.) by extension 'ros'
[0.281s] Level 1:colcon.colcon_core.package_identification:_identify(.) by extensions ['cmake', 'python']
[0.281s] Level 1:colcon.colcon_core.package_identification:_identify(.) by extension 'cmake'
[0.282s] Level 1:colcon.colcon_core.package_identification:_identify(.) by extension 'python'
[0.282s] Level 1:colcon.colcon_core.package_identification:_identify(.) by extensions ['python_setup_py']
[0.283s] Level 1:colcon.colcon_core.package_identification:_identify(.) by extension 'python_setup_py'
[0.283s] Level 1:colcon.colcon_core.package_identification:_identify(build) by extensions ['ignore', 'ignore_ament_install']
[0.283s] Level 1:colcon.colcon_core.package_identification:_identify(build) by extension 'ignore'
[0.284s] Level 1:colcon.colcon_core.package_identification:_identify(build) ignored
[0.285s] Level 1:colcon.colcon_core.package_identification:_identify(install) by extensions ['ignore', 'ignore_ament_install']
[0.285s] Level 1:colcon.colcon_core.package_identification:_identify(install) by extension 'ignore'
[0.285s] Level 1:colcon.colcon_core.package_identification:_identify(install) ignored
[0.288s] Level 1:colcon.colcon_core.package_identification:_identify(log) by extensions ['ignore', 'ignore_ament_install']
[0.288s] Level 1:colcon.colcon_core.package_identification:_identify(log) by extension 'ignore'
[0.288s] Level 1:colcon.colcon_core.package_identification:_identify(log) ignored
[0.290s] Level 1:colcon.colcon_core.package_identification:_identify(src) by extensions ['ignore', 'ignore_ament_install']
[0.290s] Level 1:colcon.colcon_core.package_identification:_identify(src) by extension 'ignore'
[0.290s] Level 1:colcon.colcon_core.package_identification:_identify(src) by extension 'ignore_ament_install'
[0.291s] Level 1:colcon.colcon_core.package_identification:_identify(src) by extensions ['colcon_pkg']
[0.292s] Level 1:colcon.colcon_core.package_identification:_identify(src) by extension 'colcon_pkg'
[0.292s] Level 1:colcon.colcon_core.package_identification:_identify(src) by extensions ['colcon_meta']
[0.293s] Level 1:colcon.colcon_core.package_identification:_identify(src) by extension 'colcon_meta'
[0.293s] Level 1:colcon.colcon_core.package_identification:_identify(src) by extensions ['ros']
[0.293s] Level 1:colcon.colcon_core.package_identification:_identify(src) by extension 'ros'
[0.294s] Level 1:colcon.colcon_core.package_identification:_identify(src) by extensions ['cmake', 'python']
[0.294s] Level 1:colcon.colcon_core.package_identification:_identify(src) by extension 'cmake'
[0.295s] Level 1:colcon.colcon_core.package_identification:_identify(src) by extension 'python'
[0.295s] Level 1:colcon.colcon_core.package_identification:_identify(src) by extensions ['python_setup_py']
[0.296s] Level 1:colcon.colcon_core.package_identification:_identify(src) by extension 'python_setup_py'
[0.297s] Level 1:colcon.colcon_core.package_identification:_identify(src/perception) by extensions ['ignore', 'ignore_ament_install']
[0.297s] Level 1:colcon.colcon_core.package_identification:_identify(src/perception) by extension 'ignore'
[0.297s] Level 1:colcon.colcon_core.package_identification:_identify(src/perception) by extension 'ignore_ament_install'
[0.297s] Level 1:colcon.colcon_core.package_identification:_identify(src/perception) by extensions ['colcon_pkg']
[0.298s] Level 1:colcon.colcon_core.package_identification:_identify(src/perception) by extension 'colcon_pkg'
[0.298s] Level 1:colcon.colcon_core.package_identification:_identify(src/perception) by extensions ['colcon_meta']
[0.299s] Level 1:colcon.colcon_core.package_identification:_identify(src/perception) by extension 'colcon_meta'
[0.299s] Level 1:colcon.colcon_core.package_identification:_identify(src/perception) by extensions ['ros']
[0.300s] Level 1:colcon.colcon_core.package_identification:_identify(src/perception) by extension 'ros'
[0.306s] DEBUG:colcon.colcon_core.package_identification:Package 'src/perception' with type 'ros.ament_python' and name 'perception'
[0.306s] Level 1:colcon.colcon_core.package_discovery:discover_packages(recursive) using defaults
[0.306s] Level 1:colcon.colcon_core.package_discovery:discover_packages(ignore) discover
[0.306s] Level 1:colcon.colcon_core.package_discovery:discover_packages(ignore) using defaults
[0.306s] Level 1:colcon.colcon_core.package_discovery:discover_packages(path) discover
[0.307s] Level 1:colcon.colcon_core.package_discovery:discover_packages(path) using defaults
[0.325s] Level 5:colcon.colcon_core.verb:set package 'perception' build argument 'cmake_args' from command line to 'None'
[0.325s] Level 5:colcon.colcon_core.verb:set package 'perception' build argument 'cmake_target' from command line to 'None'
[0.325s] Level 5:colcon.colcon_core.verb:set package 'perception' build argument 'cmake_target_skip_unavailable' from command line to 'False'
[0.325s] Level 5:colcon.colcon_core.verb:set package 'perception' build argument 'cmake_clean_cache' from command line to 'False'
[0.325s] Level 5:colcon.colcon_core.verb:set package 'perception' build argument 'cmake_clean_first' from command line to 'False'
[0.326s] Level 5:colcon.colcon_core.verb:set package 'perception' build argument 'cmake_force_configure' from command line to 'False'
[0.326s] Level 5:colcon.colcon_core.verb:set package 'perception' build argument 'ament_cmake_args' from command line to 'None'
[0.327s] Level 5:colcon.colcon_core.verb:set package 'perception' build argument 'catkin_cmake_args' from command line to 'None'
[0.327s] Level 5:colcon.colcon_core.verb:set package 'perception' build argument 'catkin_skip_building_tests' from command line to 'False'
[0.327s] DEBUG:colcon.colcon_core.verb:Building package 'perception' with the following arguments: {'ament_cmake_args': None, 'build_base': '/home/cc/ee106a/sp26/class/ee106a-aca/Duplo_Project/build/perception', 'catkin_cmake_args': None, 'catkin_skip_building_tests': False, 'cmake_args': None, 'cmake_clean_cache': False, 'cmake_clean_first': False, 'cmake_force_configure': False, 'cmake_target': None, 'cmake_target_skip_unavailable': False, 'install_base': '/home/cc/ee106a/sp26/class/ee106a-aca/Duplo_Project/install/perception', 'merge_install': False, 'path': '/home/cc/ee106a/sp26/class/ee106a-aca/Duplo_Project/src/perception', 'symlink_install': False, 'test_result_base': None}
[0.328s] INFO:colcon.colcon_core.executor:Executing jobs using 'parallel' executor
[0.328s] DEBUG:colcon.colcon_parallel_executor.executor.parallel:run_until_complete
[0.329s] INFO:colcon.colcon_ros.task.ament_python.build:Building ROS package in '/home/cc/ee106a/sp26/class/ee106a-aca/Duplo_Project/src/perception' with build type 'ament_python'
[0.330s] Level 1:colcon.colcon_core.shell:create_environment_hook('perception', 'ament_prefix_path')
[0.332s] INFO:colcon.colcon_core.plugin_system:Skipping extension 'colcon_core.shell.bat': Not used on non-Windows systems
[0.332s] INFO:colcon.colcon_core.shell:Creating environment hook '/home/cc/ee106a/sp26/class/ee106a-aca/Duplo_Project/install/perception/share/perception/hook/ament_prefix_path.ps1'
[0.335s] INFO:colcon.colcon_core.shell:Creating environment descriptor '/home/cc/ee106a/sp26/class/ee106a-aca/Duplo_Project/install/perception/share/perception/hook/ament_prefix_path.dsv'
[0.337s] INFO:colcon.colcon_core.shell:Creating environment hook '/home/cc/ee106a/sp26/class/ee106a-aca/Duplo_Project/install/perception/share/perception/hook/ament_prefix_path.sh'
[0.340s] INFO:colcon.colcon_core.shell:Skip shell extension 'powershell' for command environment: Not usable outside of PowerShell
[0.340s] DEBUG:colcon.colcon_core.shell:Skip shell extension 'dsv' for command environment
[0.666s] INFO:colcon.colcon_core.task.python.build:Building Python package in '/home/cc/ee106a/sp26/class/ee106a-aca/Duplo_Project/src/perception'
[0.666s] INFO:colcon.colcon_core.shell:Skip shell extension 'powershell' for command environment: Not usable outside of PowerShell
[0.667s] DEBUG:colcon.colcon_core.shell:Skip shell extension 'dsv' for command environment
[1.080s] DEBUG:colcon.colcon_core.event_handler.log_command:Invoking command in '/home/cc/ee106a/sp26/class/ee106a-aca/Duplo_Project/src/perception': PYTHONPATH=/home/cc/ee106a/sp26/class/ee106a-aca/Duplo_Project/build/perception/prefix_override:/usr/lib/python3/dist-packages/colcon_core/task/python/colcon_distutils_commands:/home/cc/ee106a/sp26/class/ee106a-aca/Duplo_Project/install/perception/lib/python3.10/site-packages:${PYTHONPATH} /usr/bin/python3 -W ignore:setup.py install is deprecated -W ignore:easy_install command is deprecated setup.py egg_info --egg-base ../../build/perception build --build-base /home/cc/ee106a/sp26/class/ee106a-aca/Duplo_Project/build/perception/build install --record /home/cc/ee106a/sp26/class/ee106a-aca/Duplo_Project/build/perception/install.log --single-version-externally-managed install_data
[1.448s] DEBUG:colcon.colcon_core.event_handler.log_command:Invoked command in '/home/cc/ee106a/sp26/class/ee106a-aca/Duplo_Project/src/perception' returned '0': PYTHONPATH=/home/cc/ee106a/sp26/class/ee106a-aca/Duplo_Project/build/perception/prefix_override:/usr/lib/python3/dist-packages/colcon_core/task/python/colcon_distutils_commands:/home/cc/ee106a/sp26/class/ee106a-aca/Duplo_Project/install/perception/lib/python3.10/site-packages:${PYTHONPATH} /usr/bin/python3 -W ignore:setup.py install is deprecated -W ignore:easy_install command is deprecated setup.py egg_info --egg-base ../../build/perception build --build-base /home/cc/ee106a/sp26/class/ee106a-aca/Duplo_Project/build/perception/build install --record /home/cc/ee106a/sp26/class/ee106a-aca/Duplo_Project/build/perception/install.log --single-version-externally-managed install_data
[1.451s] Level 1:colcon.colcon_core.environment:checking '/home/cc/ee106a/sp26/class/ee106a-aca/Duplo_Project/install/perception' for CMake module files
[1.451s] Level 1:colcon.colcon_core.environment:checking '/home/cc/ee106a/sp26/class/ee106a-aca/Duplo_Project/install/perception' for CMake config files
[1.458s] Level 1:colcon.colcon_core.environment:checking '/home/cc/ee106a/sp26/class/ee106a-aca/Duplo_Project/install/perception/lib'
[1.459s] Level 1:colcon.colcon_core.environment:checking '/home/cc/ee106a/sp26/class/ee106a-aca/Duplo_Project/install/perception/bin'
[1.459s] Level 1:colcon.colcon_core.environment:checking '/home/cc/ee106a/sp26/class/ee106a-aca/Duplo_Project/install/perception/lib/pkgconfig/perception.pc'
[1.459s] Level 1:colcon.colcon_core.environment:checking '/home/cc/ee106a/sp26/class/ee106a-aca/Duplo_Project/install/perception/lib/python3.10/site-packages'
[1.459s] Level 1:colcon.colcon_core.shell:create_environment_hook('perception', 'pythonpath')
[1.460s] INFO:colcon.colcon_core.shell:Creating environment hook '/home/cc/ee106a/sp26/class/ee106a-aca/Duplo_Project/install/perception/share/perception/hook/pythonpath.ps1'
[1.463s] INFO:colcon.colcon_core.shell:Creating environment descriptor '/home/cc/ee106a/sp26/class/ee106a-aca/Duplo_Project/install/perception/share/perception/hook/pythonpath.dsv'
[1.465s] INFO:colcon.colcon_core.shell:Creating environment hook '/home/cc/ee106a/sp26/class/ee106a-aca/Duplo_Project/install/perception/share/perception/hook/pythonpath.sh'
[1.468s] Level 1:colcon.colcon_core.environment:checking '/home/cc/ee106a/sp26/class/ee106a-aca/Duplo_Project/install/perception/bin'
[1.468s] Level 1:colcon.colcon_core.environment:create_environment_scripts_only(perception)
[1.468s] INFO:colcon.colcon_core.shell:Creating package script '/home/cc/ee106a/sp26/class/ee106a-aca/Duplo_Project/install/perception/share/perception/package.ps1'
[1.471s] INFO:colcon.colcon_core.shell:Creating package descriptor '/home/cc/ee106a/sp26/class/ee106a-aca/Duplo_Project/install/perception/share/perception/package.dsv'
[1.474s] INFO:colcon.colcon_core.shell:Creating package script '/home/cc/ee106a/sp26/class/ee106a-aca/Duplo_Project/install/perception/share/perception/package.sh'
[1.476s] INFO:colcon.colcon_core.shell:Creating package script '/home/cc/ee106a/sp26/class/ee106a-aca/Duplo_Project/install/perception/share/perception/package.bash'
[1.478s] INFO:colcon.colcon_core.shell:Creating package script '/home/cc/ee106a/sp26/class/ee106a-aca/Duplo_Project/install/perception/share/perception/package.zsh'
[1.481s] Level 1:colcon.colcon_core.environment:create_file_with_runtime_dependencies(/home/cc/ee106a/sp26/class/ee106a-aca/Duplo_Project/install/perception/share/colcon-core/packages/perception)
[1.484s] DEBUG:colcon.colcon_parallel_executor.executor.parallel:closing loop
[1.484s] DEBUG:colcon.colcon_parallel_executor.executor.parallel:loop closed
[1.485s] DEBUG:colcon.colcon_parallel_executor.executor.parallel:run_until_complete finished with '0'
[1.485s] DEBUG:colcon.colcon_core.event_reactor:joining thread
[1.497s] INFO:colcon.colcon_core.plugin_system:Skipping extension 'colcon_notification.desktop_notification.notify_send': Could not find 'notify-send'
[1.497s] INFO:colcon.colcon_core.plugin_system:Skipping extension 'colcon_notification.desktop_notification.terminal_notifier': Not used on non-Darwin systems
[1.498s] INFO:colcon.colcon_core.plugin_system:Skipping extension 'colcon_notification.desktop_notification.win32': Not used on non-Windows systems
[1.498s] INFO:colcon.colcon_notification.desktop_notification:Sending desktop notification using 'notify2'
[1.626s] DEBUG:colcon.colcon_core.event_reactor:joined thread
[1.626s] INFO:colcon.colcon_core.shell:Creating prefix script '/home/cc/ee106a/sp26/class/ee106a-aca/Duplo_Project/install/local_setup.ps1'
[1.629s] INFO:colcon.colcon_core.shell:Creating prefix util module '/home/cc/ee106a/sp26/class/ee106a-aca/Duplo_Project/install/_local_setup_util_ps1.py'
[1.633s] INFO:colcon.colcon_core.shell:Creating prefix chain script '/home/cc/ee106a/sp26/class/ee106a-aca/Duplo_Project/install/setup.ps1'
[1.638s] INFO:colcon.colcon_core.shell:Creating prefix script '/home/cc/ee106a/sp26/class/ee106a-aca/Duplo_Project/install/local_setup.sh'
[1.641s] INFO:colcon.colcon_core.shell:Creating prefix util module '/home/cc/ee106a/sp26/class/ee106a-aca/Duplo_Project/install/_local_setup_util_sh.py'
[1.644s] INFO:colcon.colcon_core.shell:Creating prefix chain script '/home/cc/ee106a/sp26/class/ee106a-aca/Duplo_Project/install/setup.sh'
[1.648s] INFO:colcon.colcon_core.shell:Creating prefix script '/home/cc/ee106a/sp26/class/ee106a-aca/Duplo_Project/install/local_setup.bash'
[1.652s] INFO:colcon.colcon_core.shell:Creating prefix chain script '/home/cc/ee106a/sp26/class/ee106a-aca/Duplo_Project/install/setup.bash'
[1.658s] INFO:colcon.colcon_core.shell:Creating prefix script '/home/cc/ee106a/sp26/class/ee106a-aca/Duplo_Project/install/local_setup.zsh'
[1.661s] INFO:colcon.colcon_core.shell:Creating prefix chain script '/home/cc/ee106a/sp26/class/ee106a-aca/Duplo_Project/install/setup.zsh'
