[1.106s] Invoking command in '/home/cc/ee106a/sp26/class/ee106a-aca/Duplo_Project/src/planning': PYTHONPATH=/home/cc/ee106a/sp26/class/ee106a-aca/Duplo_Project/build/planning/prefix_override:/usr/lib/python3/dist-packages/colcon_core/task/python/colcon_distutils_commands:/home/cc/ee106a/sp26/class/ee106a-aca/Duplo_Project/install/planning/lib/python3.10/site-packages:${PYTHONPATH} /usr/bin/python3 -W ignore:setup.py install is deprecated -W ignore:easy_install command is deprecated setup.py egg_info --egg-base ../../build/planning build --build-base /home/cc/ee106a/sp26/class/ee106a-aca/Duplo_Project/build/planning/build install --record /home/cc/ee106a/sp26/class/ee106a-aca/Duplo_Project/build/planning/install.log --single-version-externally-managed install_data
[1.377s] running egg_info
[1.378s] writing ../../build/planning/planning.egg-info/PKG-INFO
[1.385s] writing dependency_links to ../../build/planning/planning.egg-info/dependency_links.txt
[1.391s] writing entry points to ../../build/planning/planning.egg-info/entry_points.txt
[1.397s] writing requirements to ../../build/planning/planning.egg-info/requires.txt
[1.400s] writing top-level names to ../../build/planning/planning.egg-info/top_level.txt
[1.419s] reading manifest file '../../build/planning/planning.egg-info/SOURCES.txt'
[1.424s] writing manifest file '../../build/planning/planning.egg-info/SOURCES.txt'
[1.428s] running build
[1.428s] running build_py
[1.439s] running install
[1.439s] running install_lib
[1.455s] running install_data
[1.457s] running install_egg_info
[1.460s] removing '/home/cc/ee106a/sp26/class/ee106a-aca/Duplo_Project/install/planning/lib/python3.10/site-packages/planning-0.0.0-py3.10.egg-info' (and everything under it)
[1.470s] Copying ../../build/planning/planning.egg-info to /home/cc/ee106a/sp26/class/ee106a-aca/Duplo_Project/install/planning/lib/python3.10/site-packages/planning-0.0.0-py3.10.egg-info
[1.521s] running install_scripts
[1.552s] Installing ik script to /home/cc/ee106a/sp26/class/ee106a-aca/Duplo_Project/install/planning/lib/planning
[1.555s] Installing main script to /home/cc/ee106a/sp26/class/ee106a-aca/Duplo_Project/install/planning/lib/planning
[1.559s] Installing planning_node script to /home/cc/ee106a/sp26/class/ee106a-aca/Duplo_Project/install/planning/lib/planning
[1.563s] writing list of installed files to '/home/cc/ee106a/sp26/class/ee106a-aca/Duplo_Project/build/planning/install.log'
[1.583s] Invoked command in '/home/cc/ee106a/sp26/class/ee106a-aca/Duplo_Project/src/planning' returned '0': PYTHONPATH=/home/cc/ee106a/sp26/class/ee106a-aca/Duplo_Project/build/planning/prefix_override:/usr/lib/python3/dist-packages/colcon_core/task/python/colcon_distutils_commands:/home/cc/ee106a/sp26/class/ee106a-aca/Duplo_Project/install/planning/lib/python3.10/site-packages:${PYTHONPATH} /usr/bin/python3 -W ignore:setup.py install is deprecated -W ignore:easy_install command is deprecated setup.py egg_info --egg-base ../../build/planning build --build-base /home/cc/ee106a/sp26/class/ee106a-aca/Duplo_Project/build/planning/build install --record /home/cc/ee106a/sp26/class/ee106a-aca/Duplo_Project/build/planning/install.log --single-version-externally-managed install_data
