[0.739s] Invoking command in '/home/cc/ee106a/sp26/class/ee106a-aca/Duplo_Project/src/perception': PYTHONPATH=/home/cc/ee106a/sp26/class/ee106a-aca/Duplo_Project/build/perception/prefix_override:/usr/lib/python3/dist-packages/colcon_core/task/python/colcon_distutils_commands:/home/cc/ee106a/sp26/class/ee106a-aca/Duplo_Project/install/perception/lib/python3.10/site-packages:${PYTHONPATH} /usr/bin/python3 -W ignore:setup.py install is deprecated -W ignore:easy_install command is deprecated setup.py egg_info --egg-base ../../build/perception build --build-base /home/cc/ee106a/sp26/class/ee106a-aca/Duplo_Project/build/perception/build install --record /home/cc/ee106a/sp26/class/ee106a-aca/Duplo_Project/build/perception/install.log --single-version-externally-managed install_data
[0.941s] running egg_info
[0.942s] writing ../../build/perception/perception.egg-info/PKG-INFO
[0.945s] writing dependency_links to ../../build/perception/perception.egg-info/dependency_links.txt
[0.949s] writing entry points to ../../build/perception/perception.egg-info/entry_points.txt
[0.951s] writing requirements to ../../build/perception/perception.egg-info/requires.txt
[0.953s] writing top-level names to ../../build/perception/perception.egg-info/top_level.txt
[0.962s] reading manifest file '../../build/perception/perception.egg-info/SOURCES.txt'
[0.964s] writing manifest file '../../build/perception/perception.egg-info/SOURCES.txt'
[0.965s] running build
[0.965s] running build_py
[0.968s] copying perception/brick_detector.py -> /home/cc/ee106a/sp26/class/ee106a-aca/Duplo_Project/build/perception/build/lib/perception
[0.973s] copying perception/hsv_tuner.py -> /home/cc/ee106a/sp26/class/ee106a-aca/Duplo_Project/build/perception/build/lib/perception
[0.978s] running install
[0.978s] running install_lib
[0.981s] copying /home/cc/ee106a/sp26/class/ee106a-aca/Duplo_Project/build/perception/build/lib/perception/brick_detector.py -> /home/cc/ee106a/sp26/class/ee106a-aca/Duplo_Project/install/perception/lib/python3.10/site-packages/perception
[0.987s] copying /home/cc/ee106a/sp26/class/ee106a-aca/Duplo_Project/build/perception/build/lib/perception/hsv_tuner.py -> /home/cc/ee106a/sp26/class/ee106a-aca/Duplo_Project/install/perception/lib/python3.10/site-packages/perception
[0.994s] byte-compiling /home/cc/ee106a/sp26/class/ee106a-aca/Duplo_Project/install/perception/lib/python3.10/site-packages/perception/brick_detector.py to brick_detector.cpython-310.pyc
[1.004s] byte-compiling /home/cc/ee106a/sp26/class/ee106a-aca/Duplo_Project/install/perception/lib/python3.10/site-packages/perception/hsv_tuner.py to hsv_tuner.cpython-310.pyc
[1.011s] running install_data
[1.013s] running install_egg_info
[1.014s] removing '/home/cc/ee106a/sp26/class/ee106a-aca/Duplo_Project/install/perception/lib/python3.10/site-packages/perception-0.0.0-py3.10.egg-info' (and everything under it)
[1.019s] Copying ../../build/perception/perception.egg-info to /home/cc/ee106a/sp26/class/ee106a-aca/Duplo_Project/install/perception/lib/python3.10/site-packages/perception-0.0.0-py3.10.egg-info
[1.058s] running install_scripts
[1.076s] Installing brick_detector script to /home/cc/ee106a/sp26/class/ee106a-aca/Duplo_Project/install/perception/lib/perception
[1.080s] Installing camera_transform script to /home/cc/ee106a/sp26/class/ee106a-aca/Duplo_Project/install/perception/lib/perception
[1.082s] Installing hsv_tuner script to /home/cc/ee106a/sp26/class/ee106a-aca/Duplo_Project/install/perception/lib/perception
[1.086s] writing list of installed files to '/home/cc/ee106a/sp26/class/ee106a-aca/Duplo_Project/build/perception/install.log'
[1.101s] Invoked command in '/home/cc/ee106a/sp26/class/ee106a-aca/Duplo_Project/src/perception' returned '0': PYTHONPATH=/home/cc/ee106a/sp26/class/ee106a-aca/Duplo_Project/build/perception/prefix_override:/usr/lib/python3/dist-packages/colcon_core/task/python/colcon_distutils_commands:/home/cc/ee106a/sp26/class/ee106a-aca/Duplo_Project/install/perception/lib/python3.10/site-packages:${PYTHONPATH} /usr/bin/python3 -W ignore:setup.py install is deprecated -W ignore:easy_install command is deprecated setup.py egg_info --egg-base ../../build/perception build --build-base /home/cc/ee106a/sp26/class/ee106a-aca/Duplo_Project/build/perception/build install --record /home/cc/ee106a/sp26/class/ee106a-aca/Duplo_Project/build/perception/install.log --single-version-externally-managed install_data
