[0.985s] Invoking command in '/home/cc/ee106a/sp26/class/ee106a-aca/Duplo_Project/src/planning': PYTHONPATH=/home/cc/ee106a/sp26/class/ee106a-aca/Duplo_Project/build/planning/prefix_override:/usr/lib/python3/dist-packages/colcon_core/task/python/colcon_distutils_commands:/home/cc/ee106a/sp26/class/ee106a-aca/Duplo_Project/install/planning/lib/python3.10/site-packages:${PYTHONPATH} /usr/bin/python3 -W ignore:setup.py install is deprecated -W ignore:easy_install command is deprecated setup.py egg_info --egg-base ../../build/planning build --build-base /home/cc/ee106a/sp26/class/ee106a-aca/Duplo_Project/build/planning/build install --record /home/cc/ee106a/sp26/class/ee106a-aca/Duplo_Project/build/planning/install.log --single-version-externally-managed install_data
[1.172s] running egg_info
[1.173s] writing ../../build/planning/planning.egg-info/PKG-INFO
[1.176s] writing dependency_links to ../../build/planning/planning.egg-info/dependency_links.txt
[1.179s] writing entry points to ../../build/planning/planning.egg-info/entry_points.txt
[1.182s] writing requirements to ../../build/planning/planning.egg-info/requires.txt
[1.183s] writing top-level names to ../../build/planning/planning.egg-info/top_level.txt
[1.193s] reading manifest file '../../build/planning/planning.egg-info/SOURCES.txt'
[1.198s] writing manifest file '../../build/planning/planning.egg-info/SOURCES.txt'
[1.201s] running build
[1.201s] running build_py
[1.203s] copying planning/ik.py -> /home/cc/ee106a/sp26/class/ee106a-aca/Duplo_Project/build/planning/build/lib/planning
[1.208s] copying planning/planning_node.py -> /home/cc/ee106a/sp26/class/ee106a-aca/Duplo_Project/build/planning/build/lib/planning
[1.219s] running install
[1.219s] running install_lib
[1.225s] copying /home/cc/ee106a/sp26/class/ee106a-aca/Duplo_Project/build/planning/build/lib/planning/ik.py -> /home/cc/ee106a/sp26/class/ee106a-aca/Duplo_Project/install/planning/lib/python3.10/site-packages/planning
[1.232s] copying /home/cc/ee106a/sp26/class/ee106a-aca/Duplo_Project/build/planning/build/lib/planning/planning_node.py -> /home/cc/ee106a/sp26/class/ee106a-aca/Duplo_Project/install/planning/lib/python3.10/site-packages/planning
[1.240s] byte-compiling /home/cc/ee106a/sp26/class/ee106a-aca/Duplo_Project/install/planning/lib/python3.10/site-packages/planning/ik.py to ik.cpython-310.pyc
[1.249s] byte-compiling /home/cc/ee106a/sp26/class/ee106a-aca/Duplo_Project/install/planning/lib/python3.10/site-packages/planning/planning_node.py to planning_node.cpython-310.pyc
[1.259s] running install_data
[1.262s] running install_egg_info
[1.266s] removing '/home/cc/ee106a/sp26/class/ee106a-aca/Duplo_Project/install/planning/lib/python3.10/site-packages/planning-0.0.0-py3.10.egg-info' (and everything under it)
[1.271s] Copying ../../build/planning/planning.egg-info to /home/cc/ee106a/sp26/class/ee106a-aca/Duplo_Project/install/planning/lib/python3.10/site-packages/planning-0.0.0-py3.10.egg-info
[1.322s] running install_scripts
[1.350s] Installing build_planner script to /home/cc/ee106a/sp26/class/ee106a-aca/Duplo_Project/install/planning/lib/planning
[1.353s] Installing ik script to /home/cc/ee106a/sp26/class/ee106a-aca/Duplo_Project/install/planning/lib/planning
[1.356s] Installing main script to /home/cc/ee106a/sp26/class/ee106a-aca/Duplo_Project/install/planning/lib/planning
[1.359s] Installing planning_node script to /home/cc/ee106a/sp26/class/ee106a-aca/Duplo_Project/install/planning/lib/planning
[1.363s] writing list of installed files to '/home/cc/ee106a/sp26/class/ee106a-aca/Duplo_Project/build/planning/install.log'
[1.380s] Invoked command in '/home/cc/ee106a/sp26/class/ee106a-aca/Duplo_Project/src/planning' returned '0': PYTHONPATH=/home/cc/ee106a/sp26/class/ee106a-aca/Duplo_Project/build/planning/prefix_override:/usr/lib/python3/dist-packages/colcon_core/task/python/colcon_distutils_commands:/home/cc/ee106a/sp26/class/ee106a-aca/Duplo_Project/install/planning/lib/python3.10/site-packages:${PYTHONPATH} /usr/bin/python3 -W ignore:setup.py install is deprecated -W ignore:easy_install command is deprecated setup.py egg_info --egg-base ../../build/planning build --build-base /home/cc/ee106a/sp26/class/ee106a-aca/Duplo_Project/build/planning/build install --record /home/cc/ee106a/sp26/class/ee106a-aca/Duplo_Project/build/planning/install.log --single-version-externally-managed install_data
