[0.000000] (-) TimerEvent: {}
[0.000289] (perception) JobQueued: {'identifier': 'perception', 'dependencies': OrderedDict()}
[0.000751] (planning) JobQueued: {'identifier': 'planning', 'dependencies': OrderedDict()}
[0.001335] (perception) JobStarted: {'identifier': 'perception'}
[0.048074] (planning) JobStarted: {'identifier': 'planning'}
[0.098758] (-) TimerEvent: {}
[0.199153] (-) TimerEvent: {}
[0.299515] (-) TimerEvent: {}
[0.399785] (-) TimerEvent: {}
[0.500283] (-) TimerEvent: {}
[0.600608] (-) TimerEvent: {}
[0.700978] (-) TimerEvent: {}
[0.801373] (-) TimerEvent: {}
[0.901711] (-) TimerEvent: {}
[1.002058] (-) TimerEvent: {}
[1.102448] (-) TimerEvent: {}
[1.202831] (-) TimerEvent: {}
[1.241022] (planning) Command: {'cmd': ['/usr/bin/python3', '-W', 'ignore:setup.py install is deprecated', '-W', 'ignore:easy_install command is deprecated', 'setup.py', 'egg_info', '--egg-base', '../../build/planning', 'build', '--build-base', '/home/cc/ee106a/sp26/class/ee106a-aca/Duplo_Project/build/planning/build', 'install', '--record', '/home/cc/ee106a/sp26/class/ee106a-aca/Duplo_Project/build/planning/install.log', '--single-version-externally-managed', 'install_data'], 'cwd': '/home/cc/ee106a/sp26/class/ee106a-aca/Duplo_Project/src/planning', 'env': {'ARCH': 'x86_64', 'QT_SCALE_FACTOR': '1', 'USER': 'ee106a-aca', 'HOSTNAME': 'ros2', 'XDG_SESSION_TYPE': 'x11', 'MASTERDIR': '/home/ff/ee106a', 'COMPIZ_CONFIG_PROFILE': 'mate', 'XDG_CACHE_HOME': '/home/cc/ee106a/sp26/class/ee106a-aca/.cache', 'SHLVL': '2', 'LD_LIBRARY_PATH': '/opt/ros/turtlebot3_ws/install/turtlebot3_msgs/lib:/opt/ros/turtlebot3_ws/install/dynamixel_sdk_custom_interfaces/lib:/opt/ros/turtlebot3_ws/install/dynamixel_sdk/lib:/usr/lib/x86_64-linux-gnu/gazebo-11/plugins:/opt/ros/humble/opt/rviz_ogre_vendor/lib:/opt/ros/humble/lib/x86_64-linux-gnu:/opt/ros/humble/lib', 'HOME': '/home/cc/ee106a/sp26/class/ee106a-aca', 'OLDPWD': '/home/cc/ee106a/sp26/class/ee106a-aca', 'DESKTOP_SESSION': 'mate', 'ROS_PYTHON_VERSION': '3', 'GTK_MODULES': 'gail:atk-bridge:appmenu-gtk-module:gail:atk-bridge:canberra-gtk-module', 'DISTROBOX_ENTER_PATH': '/usr/local/bin/distrobox-enter', 'SYSTEMD_EXEC_PID': '733525', 'NNTPSERVER': 'news.csua.berkeley.edu', 'VISUAL': 'emacs', 'XDG_STATE_HOME': '/home/cc/ee106a/sp26/class/ee106a-aca/.local/state', 'DBUS_SESSION_BUS_ADDRESS': 'unix:path=/run/user/34166/bus', 'COLORTERM': 'truecolor', 'container': 'podman', 'UBUNTU_MENUPROXY': '1', 'QT_QPA_PLATFORMTHEME': 'gtk2', 'COLCON_PREFIX_PATH': '/opt/ros/turtlebot3_ws/install', 'ROS_DISTRO': 'humble', 'GTK_IM_MODULE': 'ibus', 'LOGNAME': 'ee106a-aca', 'MASTER': 'ee106a', 'WINDOWID': '69206022', 'ROS_VERSION': '2', 'XDG_SESSION_CLASS': 'user', 'TERMINFO_DIRS': '/usr/share/terminfo:/run/host/usr/share/terminfo', 'USERNAME': 'ee106a-aca', 'TERM': 'xterm-256color', 'GTK_OVERLAY_SCROLLING': '0', 'XDG_SESSION_ID': '36396', 'ROS_LOCALHOST_ONLY': '0', 'WINDOWPATH': '2', 'PATH': '/opt/ros/humble/bin:/share/b/grading/bin:/home/ff/ee106a/bin:/home/ff/ee106a/bin/arch/x86_64:/share/b/grading/bin:/home/ff/ee106a/bin:/home/ff/ee106a/bin/arch/x86_64:/usr/local/sbin:/usr/local/bin:/usr/sbin:/usr/bin:/sbin:/bin:/usr/games:/usr/local/games:/snap/bin:/snap/bin:/share/b/grading/bin:/share/b/grading/sbin:/share/b/runas/x86_64:/share/b/bin:/home/ff/ee106a/venvs/all:/usr/local/sbin:/usr/local/bin:/usr/sbin:/usr/bin:/sbin:/bin:/share/b/grading/bin:/share/b/grading/sbin:/share/b/runas/x86_64:/share/b/bin:/home/ff/ee106a/venvs/all', 'SESSION_MANAGER': 'local/c105-1:@/tmp/.ICE-unix/733609,unix/c105-1:/tmp/.ICE-unix/733609', 'OS': 'Linux', 'XDG_RUNTIME_DIR': '/run/user/34166', 'DISPLAY': ':1', 'LANG': 'en_US.UTF-8', 'XDG_CURRENT_DESKTOP': 'MATE', 'XDG_DATA_HOME': '/home/cc/ee106a/sp26/class/ee106a-aca/.local/share', 'XDG_CONFIG_HOME': '/home/cc/ee106a/sp26/class/ee106a-aca/.config', 'XMODIFIERS': '@im=ibus', 'XDG_SESSION_DESKTOP': 'mate', 'XAUTHORITY': '/run/user/34166/gdm/Xauthority', 'SSH_AUTH_SOCK': '/run/user/34166/keyring/ssh', 'ROS_DOMAIN_ID': '21', 'AMENT_PREFIX_PATH': '/opt/ros/turtlebot3_ws/install/turtlebot3:/opt/ros/turtlebot3_ws/install/turtlebot3_teleop:/opt/ros/turtlebot3_ws/install/turtlebot3_bringup:/opt/ros/turtlebot3_ws/install/turtlebot3_node:/opt/ros/turtlebot3_ws/install/turtlebot3_navigation2:/opt/ros/turtlebot3_ws/install/turtlebot3_example:/opt/ros/turtlebot3_ws/install/turtlebot3_msgs:/opt/ros/turtlebot3_ws/install/turtlebot3_description:/opt/ros/turtlebot3_ws/install/turtlebot3_cartographer:/opt/ros/turtlebot3_ws/install/dynamixel_sdk_examples:/opt/ros/turtlebot3_ws/install/dynamixel_sdk_custom_interfaces:/opt/ros/turtlebot3_ws/install/dynamixel_sdk:/opt/ros/humble', 'SHELL': '/usr/bin/bash', 'QT_ACCESSIBILITY': '1', 'GDMSESSION': 'mate', 'RUNAS': '/share/b/runas/x86_64', 'GPG_AGENT_INFO': '/run/user/34166/gnupg/S.gpg-agent:0:1', 'CONFIG_SHELL': '/usr/bin/ksh', 'QT_IM_MODULE': 'ibus', 'PWD': '/home/cc/ee106a/sp26/class/ee106a-aca/Duplo_Project/build/planning', 'EE106_ENV_SETUP': 'turtlebot_ros2', 'CONTAINER_ID': 'ros2', 'TURTLEBOT3_MODEL': 'burger', 'LC_ALL': 'C.UTF-8', 'XDG_CONFIG_DIRS': '/etc/xdg/xdg-mate:/etc/xdg', 'CLUTTER_IM_MODULE': 'ibus', 'XDG_DATA_DIRS': '/usr/share/mate:/usr/share/mate:/usr/share/gnome:/home/cc/ee106a/sp26/class/ee106a-aca/.local/share/flatpak/exports/share:/var/lib/flatpak/exports/share:/usr/local/share/:/usr/share/:/var/lib/snapd/desktop:/usr/local/share:/usr/share', 'PYTHONPATH': '/home/cc/ee106a/sp26/class/ee106a-aca/Duplo_Project/build/planning/prefix_override:/usr/lib/python3/dist-packages/colcon_core/task/python/colcon_distutils_commands:/home/cc/ee106a/sp26/class/ee106a-aca/Duplo_Project/install/planning/lib/python3.10/site-packages:/opt/ros/turtlebot3_ws/build/turtlebot3_teleop:/opt/ros/turtlebot3_ws/install/turtlebot3_teleop/lib/python3.10/site-packages:/opt/ros/turtlebot3_ws/build/turtlebot3_example:/opt/ros/turtlebot3_ws/install/turtlebot3_example/lib/python3.10/site-packages:/opt/ros/turtlebot3_ws/install/turtlebot3_msgs/local/lib/python3.10/dist-packages:/opt/ros/turtlebot3_ws/install/dynamixel_sdk_custom_interfaces/local/lib/python3.10/dist-packages:/opt/ros/turtlebot3_ws/install/dynamixel_sdk/local/lib/python3.10/dist-packages:/opt/ros/humble/lib/python3.10/site-packages:/opt/ros/humble/local/lib/python3.10/dist-packages', 'MATE_DESKTOP_SESSION_ID': 'this-is-deprecated', 'COLCON': '1', 'MANPATH': '/usr/local/man:/usr/man:/usr/X11/man:/usr/local/man:/share/b/grading/man:/usr/local/man:/usr/man:/usr/X11/man:/usr/local/man:/share/b/grading/man:', 'VTE_VERSION': '6800', 'EDITOR': 'emacs', 'CMAKE_PREFIX_PATH': '/opt/ros/turtlebot3_ws/install/turtlebot3:/opt/ros/turtlebot3_ws/install/turtlebot3_bringup:/opt/ros/turtlebot3_ws/install/turtlebot3_node:/opt/ros/turtlebot3_ws/install/turtlebot3_navigation2:/opt/ros/turtlebot3_ws/install/turtlebot3_msgs:/opt/ros/turtlebot3_ws/install/turtlebot3_description:/opt/ros/turtlebot3_ws/install/turtlebot3_cartographer:/opt/ros/turtlebot3_ws/install/dynamixel_sdk_examples:/opt/ros/turtlebot3_ws/install/dynamixel_sdk_custom_interfaces:/opt/ros/turtlebot3_ws/install/dynamixel_sdk', 'QT_FONT_DPI': '122'}, 'shell': False}
[1.249344] (perception) Command: {'cmd': ['/usr/bin/python3', '-W', 'ignore:setup.py install is deprecated', '-W', 'ignore:easy_install command is deprecated', 'setup.py', 'egg_info', '--egg-base', '../../build/perception', 'build', '--build-base', '/home/cc/ee106a/sp26/class/ee106a-aca/Duplo_Project/build/perception/build', 'install', '--record', '/home/cc/ee106a/sp26/class/ee106a-aca/Duplo_Project/build/perception/install.log', '--single-version-externally-managed', 'install_data'], 'cwd': '/home/cc/ee106a/sp26/class/ee106a-aca/Duplo_Project/src/perception', 'env': {'ARCH': 'x86_64', 'QT_SCALE_FACTOR': '1', 'USER': 'ee106a-aca', 'HOSTNAME': 'ros2', 'XDG_SESSION_TYPE': 'x11', 'MASTERDIR': '/home/ff/ee106a', 'COMPIZ_CONFIG_PROFILE': 'mate', 'XDG_CACHE_HOME': '/home/cc/ee106a/sp26/class/ee106a-aca/.cache', 'SHLVL': '2', 'LD_LIBRARY_PATH': '/opt/ros/turtlebot3_ws/install/turtlebot3_msgs/lib:/opt/ros/turtlebot3_ws/install/dynamixel_sdk_custom_interfaces/lib:/opt/ros/turtlebot3_ws/install/dynamixel_sdk/lib:/usr/lib/x86_64-linux-gnu/gazebo-11/plugins:/opt/ros/humble/opt/rviz_ogre_vendor/lib:/opt/ros/humble/lib/x86_64-linux-gnu:/opt/ros/humble/lib', 'HOME': '/home/cc/ee106a/sp26/class/ee106a-aca', 'OLDPWD': '/home/cc/ee106a/sp26/class/ee106a-aca', 'DESKTOP_SESSION': 'mate', 'ROS_PYTHON_VERSION': '3', 'GTK_MODULES': 'gail:atk-bridge:appmenu-gtk-module:gail:atk-bridge:canberra-gtk-module', 'DISTROBOX_ENTER_PATH': '/usr/local/bin/distrobox-enter', 'SYSTEMD_EXEC_PID': '733525', 'NNTPSERVER': 'news.csua.berkeley.edu', 'VISUAL': 'emacs', 'XDG_STATE_HOME': '/home/cc/ee106a/sp26/class/ee106a-aca/.local/state', 'DBUS_SESSION_BUS_ADDRESS': 'unix:path=/run/user/34166/bus', 'COLORTERM': 'truecolor', 'container': 'podman', 'UBUNTU_MENUPROXY': '1', 'QT_QPA_PLATFORMTHEME': 'gtk2', 'COLCON_PREFIX_PATH': '/opt/ros/turtlebot3_ws/install', 'ROS_DISTRO': 'humble', 'GTK_IM_MODULE': 'ibus', 'LOGNAME': 'ee106a-aca', 'MASTER': 'ee106a', 'WINDOWID': '69206022', 'ROS_VERSION': '2', 'XDG_SESSION_CLASS': 'user', 'TERMINFO_DIRS': '/usr/share/terminfo:/run/host/usr/share/terminfo', 'USERNAME': 'ee106a-aca', 'TERM': 'xterm-256color', 'GTK_OVERLAY_SCROLLING': '0', 'XDG_SESSION_ID': '36396', 'ROS_LOCALHOST_ONLY': '0', 'WINDOWPATH': '2', 'PATH': '/opt/ros/humble/bin:/share/b/grading/bin:/home/ff/ee106a/bin:/home/ff/ee106a/bin/arch/x86_64:/share/b/grading/bin:/home/ff/ee106a/bin:/home/ff/ee106a/bin/arch/x86_64:/usr/local/sbin:/usr/local/bin:/usr/sbin:/usr/bin:/sbin:/bin:/usr/games:/usr/local/games:/snap/bin:/snap/bin:/share/b/grading/bin:/share/b/grading/sbin:/share/b/runas/x86_64:/share/b/bin:/home/ff/ee106a/venvs/all:/usr/local/sbin:/usr/local/bin:/usr/sbin:/usr/bin:/sbin:/bin:/share/b/grading/bin:/share/b/grading/sbin:/share/b/runas/x86_64:/share/b/bin:/home/ff/ee106a/venvs/all', 'SESSION_MANAGER': 'local/c105-1:@/tmp/.ICE-unix/733609,unix/c105-1:/tmp/.ICE-unix/733609', 'OS': 'Linux', 'XDG_RUNTIME_DIR': '/run/user/34166', 'DISPLAY': ':1', 'LANG': 'en_US.UTF-8', 'XDG_CURRENT_DESKTOP': 'MATE', 'XDG_DATA_HOME': '/home/cc/ee106a/sp26/class/ee106a-aca/.local/share', 'XDG_CONFIG_HOME': '/home/cc/ee106a/sp26/class/ee106a-aca/.config', 'XMODIFIERS': '@im=ibus', 'XDG_SESSION_DESKTOP': 'mate', 'XAUTHORITY': '/run/user/34166/gdm/Xauthority', 'SSH_AUTH_SOCK': '/run/user/34166/keyring/ssh', 'ROS_DOMAIN_ID': '21', 'AMENT_PREFIX_PATH': '/opt/ros/turtlebot3_ws/install/turtlebot3:/opt/ros/turtlebot3_ws/install/turtlebot3_teleop:/opt/ros/turtlebot3_ws/install/turtlebot3_bringup:/opt/ros/turtlebot3_ws/install/turtlebot3_node:/opt/ros/turtlebot3_ws/install/turtlebot3_navigation2:/opt/ros/turtlebot3_ws/install/turtlebot3_example:/opt/ros/turtlebot3_ws/install/turtlebot3_msgs:/opt/ros/turtlebot3_ws/install/turtlebot3_description:/opt/ros/turtlebot3_ws/install/turtlebot3_cartographer:/opt/ros/turtlebot3_ws/install/dynamixel_sdk_examples:/opt/ros/turtlebot3_ws/install/dynamixel_sdk_custom_interfaces:/opt/ros/turtlebot3_ws/install/dynamixel_sdk:/opt/ros/humble', 'SHELL': '/usr/bin/bash', 'QT_ACCESSIBILITY': '1', 'GDMSESSION': 'mate', 'RUNAS': '/share/b/runas/x86_64', 'GPG_AGENT_INFO': '/run/user/34166/gnupg/S.gpg-agent:0:1', 'CONFIG_SHELL': '/usr/bin/ksh', 'QT_IM_MODULE': 'ibus', 'PWD': '/home/cc/ee106a/sp26/class/ee106a-aca/Duplo_Project/build/perception', 'EE106_ENV_SETUP': 'turtlebot_ros2', 'CONTAINER_ID': 'ros2', 'TURTLEBOT3_MODEL': 'burger', 'LC_ALL': 'C.UTF-8', 'XDG_CONFIG_DIRS': '/etc/xdg/xdg-mate:/etc/xdg', 'CLUTTER_IM_MODULE': 'ibus', 'XDG_DATA_DIRS': '/usr/share/mate:/usr/share/mate:/usr/share/gnome:/home/cc/ee106a/sp26/class/ee106a-aca/.local/share/flatpak/exports/share:/var/lib/flatpak/exports/share:/usr/local/share/:/usr/share/:/var/lib/snapd/desktop:/usr/local/share:/usr/share', 'PYTHONPATH': '/home/cc/ee106a/sp26/class/ee106a-aca/Duplo_Project/build/perception/prefix_override:/usr/lib/python3/dist-packages/colcon_core/task/python/colcon_distutils_commands:/home/cc/ee106a/sp26/class/ee106a-aca/Duplo_Project/install/perception/lib/python3.10/site-packages:/opt/ros/turtlebot3_ws/build/turtlebot3_teleop:/opt/ros/turtlebot3_ws/install/turtlebot3_teleop/lib/python3.10/site-packages:/opt/ros/turtlebot3_ws/build/turtlebot3_example:/opt/ros/turtlebot3_ws/install/turtlebot3_example/lib/python3.10/site-packages:/opt/ros/turtlebot3_ws/install/turtlebot3_msgs/local/lib/python3.10/dist-packages:/opt/ros/turtlebot3_ws/install/dynamixel_sdk_custom_interfaces/local/lib/python3.10/dist-packages:/opt/ros/turtlebot3_ws/install/dynamixel_sdk/local/lib/python3.10/dist-packages:/opt/ros/humble/lib/python3.10/site-packages:/opt/ros/humble/local/lib/python3.10/dist-packages', 'MATE_DESKTOP_SESSION_ID': 'this-is-deprecated', 'COLCON': '1', 'MANPATH': '/usr/local/man:/usr/man:/usr/X11/man:/usr/local/man:/share/b/grading/man:/usr/local/man:/usr/man:/usr/X11/man:/usr/local/man:/share/b/grading/man:', 'VTE_VERSION': '6800', 'EDITOR': 'emacs', 'CMAKE_PREFIX_PATH': '/opt/ros/turtlebot3_ws/install/turtlebot3:/opt/ros/turtlebot3_ws/install/turtlebot3_bringup:/opt/ros/turtlebot3_ws/install/turtlebot3_node:/opt/ros/turtlebot3_ws/install/turtlebot3_navigation2:/opt/ros/turtlebot3_ws/install/turtlebot3_msgs:/opt/ros/turtlebot3_ws/install/turtlebot3_description:/opt/ros/turtlebot3_ws/install/turtlebot3_cartographer:/opt/ros/turtlebot3_ws/install/dynamixel_sdk_examples:/opt/ros/turtlebot3_ws/install/dynamixel_sdk_custom_interfaces:/opt/ros/turtlebot3_ws/install/dynamixel_sdk', 'QT_FONT_DPI': '122'}, 'shell': False}
[1.302896] (-) TimerEvent: {}
[1.403152] (-) TimerEvent: {}
[1.503362] (-) TimerEvent: {}
[1.550085] (perception) StdoutLine: {'line': b'running egg_info\n'}
[1.551046] (perception) StdoutLine: {'line': b'writing ../../build/perception/perception.egg-info/PKG-INFO\n'}
[1.551270] (planning) StdoutLine: {'line': b'running egg_info\n'}
[1.552232] (planning) StdoutLine: {'line': b'writing ../../build/planning/planning.egg-info/PKG-INFO\n'}
[1.555350] (perception) StdoutLine: {'line': b'writing dependency_links to ../../build/perception/perception.egg-info/dependency_links.txt\n'}
[1.556631] (planning) StdoutLine: {'line': b'writing dependency_links to ../../build/planning/planning.egg-info/dependency_links.txt\n'}
[1.558837] (perception) StdoutLine: {'line': b'writing entry points to ../../build/perception/perception.egg-info/entry_points.txt\n'}
[1.560082] (planning) StdoutLine: {'line': b'writing entry points to ../../build/planning/planning.egg-info/entry_points.txt\n'}
[1.561829] (perception) StdoutLine: {'line': b'writing requirements to ../../build/perception/perception.egg-info/requires.txt\n'}
[1.563054] (planning) StdoutLine: {'line': b'writing requirements to ../../build/planning/planning.egg-info/requires.txt\n'}
[1.564520] (perception) StdoutLine: {'line': b'writing top-level names to ../../build/perception/perception.egg-info/top_level.txt\n'}
[1.566167] (planning) StdoutLine: {'line': b'writing top-level names to ../../build/planning/planning.egg-info/top_level.txt\n'}
[1.575569] (perception) StdoutLine: {'line': b"reading manifest file '../../build/perception/perception.egg-info/SOURCES.txt'\n"}
[1.576948] (planning) StdoutLine: {'line': b"reading manifest file '../../build/planning/planning.egg-info/SOURCES.txt'\n"}
[1.578615] (perception) StdoutLine: {'line': b"writing manifest file '../../build/perception/perception.egg-info/SOURCES.txt'\n"}
[1.580079] (planning) StdoutLine: {'line': b"writing manifest file '../../build/planning/planning.egg-info/SOURCES.txt'\n"}
[1.580530] (perception) StdoutLine: {'line': b'running build\n'}
[1.581655] (perception) StdoutLine: {'line': b'running build_py\n'}
[1.582548] (planning) StdoutLine: {'line': b'running build\n'}
[1.582691] (planning) StdoutLine: {'line': b'running build_py\n'}
[1.583863] (perception) StdoutLine: {'line': b'running install\n'}
[1.584929] (perception) StdoutLine: {'line': b'running install_lib\n'}
[1.585671] (planning) StdoutLine: {'line': b'copying launch/duplo.launch.py -> /home/cc/ee106a/sp26/class/ee106a-aca/Duplo_Project/build/planning/build/lib/launch\n'}
[1.587194] (perception) StdoutLine: {'line': b'running install_data\n'}
[1.588610] (perception) StdoutLine: {'line': b'running install_egg_info\n'}
[1.590380] (perception) StdoutLine: {'line': b"removing '/home/cc/ee106a/sp26/class/ee106a-aca/Duplo_Project/install/perception/lib/python3.10/site-packages/perception-0.0.0-py3.10.egg-info' (and everything under it)\n"}
[1.591552] (planning) StdoutLine: {'line': b'running install\n'}
[1.591809] (planning) StdoutLine: {'line': b'running install_lib\n'}
[1.597073] (perception) StdoutLine: {'line': b'Copying ../../build/perception/perception.egg-info to /home/cc/ee106a/sp26/class/ee106a-aca/Duplo_Project/install/perception/lib/python3.10/site-packages/perception-0.0.0-py3.10.egg-info\n'}
[1.597247] (planning) StdoutLine: {'line': b'copying /home/cc/ee106a/sp26/class/ee106a-aca/Duplo_Project/build/planning/build/lib/launch/duplo.launch.py -> /home/cc/ee106a/sp26/class/ee106a-aca/Duplo_Project/install/planning/lib/python3.10/site-packages/launch\n'}
[1.603424] (-) TimerEvent: {}
[1.605174] (planning) StdoutLine: {'line': b'byte-compiling /home/cc/ee106a/sp26/class/ee106a-aca/Duplo_Project/install/planning/lib/python3.10/site-packages/launch/duplo.launch.py to duplo.launch.cpython-310.pyc\n'}
[1.609336] (planning) StderrLine: {'line': b'  File "/home/cc/ee106a/sp26/class/ee106a-aca/Duplo_Project/install/planning/lib/python3.10/site-packages/launch/duplo.launch.py", line 96\n'}
[1.609669] (planning) StderrLine: {'line': b'    brick_detection_node\n'}
[1.611712] (planning) StderrLine: {'line': b'    ^^^^^^^^^^^^^^^^^^\n'}
[1.612579] (planning) StderrLine: {'line': b'SyntaxError: invalid syntax. Perhaps you forgot a comma?\n'}
[1.613757] (planning) StderrLine: {'line': b'\n'}
[1.616315] (planning) StdoutLine: {'line': b'running install_data\n'}
[1.617132] (planning) StdoutLine: {'line': b'copying launch/duplo.launch.py -> /home/cc/ee106a/sp26/class/ee106a-aca/Duplo_Project/install/planning/share/planning/launch\n'}
[1.617230] (planning) StdoutLine: {'line': b'running install_egg_info\n'}
[1.621501] (planning) StdoutLine: {'line': b"removing '/home/cc/ee106a/sp26/class/ee106a-aca/Duplo_Project/install/planning/lib/python3.10/site-packages/planning-0.0.0-py3.10.egg-info' (and everything under it)\n"}
[1.628225] (planning) StdoutLine: {'line': b'Copying ../../build/planning/planning.egg-info to /home/cc/ee106a/sp26/class/ee106a-aca/Duplo_Project/install/planning/lib/python3.10/site-packages/planning-0.0.0-py3.10.egg-info\n'}
[1.643217] (perception) StdoutLine: {'line': b'running install_scripts\n'}
[1.670517] (planning) StdoutLine: {'line': b'running install_scripts\n'}
[1.674964] (perception) StdoutLine: {'line': b'Installing brick_detector script to /home/cc/ee106a/sp26/class/ee106a-aca/Duplo_Project/install/perception/lib/perception\n'}
[1.681067] (perception) StdoutLine: {'line': b'Installing camera_transform script to /home/cc/ee106a/sp26/class/ee106a-aca/Duplo_Project/install/perception/lib/perception\n'}
[1.684999] (perception) StdoutLine: {'line': b'Installing hsv_tuner script to /home/cc/ee106a/sp26/class/ee106a-aca/Duplo_Project/install/perception/lib/perception\n'}
[1.688467] (perception) StdoutLine: {'line': b"writing list of installed files to '/home/cc/ee106a/sp26/class/ee106a-aca/Duplo_Project/build/perception/install.log'\n"}
[1.692437] (planning) StdoutLine: {'line': b'Installing ik script to /home/cc/ee106a/sp26/class/ee106a-aca/Duplo_Project/install/planning/lib/planning\n'}
[1.695388] (planning) StdoutLine: {'line': b'Installing main script to /home/cc/ee106a/sp26/class/ee106a-aca/Duplo_Project/install/planning/lib/planning\n'}
[1.698002] (planning) StdoutLine: {'line': b'Installing planning_node script to /home/cc/ee106a/sp26/class/ee106a-aca/Duplo_Project/install/planning/lib/planning\n'}
[1.701990] (planning) StdoutLine: {'line': b"writing list of installed files to '/home/cc/ee106a/sp26/class/ee106a-aca/Duplo_Project/build/planning/install.log'\n"}
[1.703609] (-) TimerEvent: {}
[1.704152] (perception) CommandEnded: {'returncode': 0}
[1.755785] (perception) JobEnded: {'identifier': 'perception', 'rc': 0}
[1.761656] (planning) CommandEnded: {'returncode': 0}
[1.803781] (-) TimerEvent: {}
[1.807770] (planning) JobEnded: {'identifier': 'planning', 'rc': 0}
[1.812586] (-) EventReactorShutdown: {}
