/home/cc/ee106a/sp26/class/ee106a-aca/Duplo_Project/install/planning/lib/python3.10/site-packages/planning/__init__.py
/home/cc/ee106a/sp26/class/ee106a-aca/Duplo_Project/install/planning/lib/python3.10/site-packages/planning/planning_node.py
/home/cc/ee106a/sp26/class/ee106a-aca/Duplo_Project/install/planning/lib/python3.10/site-packages/planning/ik.py
/home/cc/ee106a/sp26/class/ee106a-aca/Duplo_Project/install/planning/lib/python3.10/site-packages/planning/main.py
/home/cc/ee106a/sp26/class/ee106a-aca/Duplo_Project/install/planning/lib/python3.10/site-packages/planning/__pycache__/__init__.cpython-310.pyc
/home/cc/ee106a/sp26/class/ee106a-aca/Duplo_Project/install/planning/lib/python3.10/site-packages/planning/__pycache__/planning_node.cpython-310.pyc
/home/cc/ee106a/sp26/class/ee106a-aca/Duplo_Project/install/planning/lib/python3.10/site-packages/planning/__pycache__/ik.cpython-310.pyc
/home/cc/ee106a/sp26/class/ee106a-aca/Duplo_Project/install/planning/lib/python3.10/site-packages/planning/__pycache__/main.cpython-310.pyc
/home/cc/ee106a/sp26/class/ee106a-aca/Duplo_Project/install/planning/share/ament_index/resource_index/packages/planning
/home/cc/ee106a/sp26/class/ee106a-aca/Duplo_Project/install/planning/share/planning/package.xml
/home/cc/ee106a/sp26/class/ee106a-aca/Duplo_Project/install/planning/share/planning/launch/duplo.launch.py
/home/cc/ee106a/sp26/class/ee106a-aca/Duplo_Project/install/planning/share/planning/planning/duplo_config.rviz
/home/cc/ee106a/sp26/class/ee106a-aca/Duplo_Project/install/planning/lib/python3.10/site-packages/planning-0.0.0-py3.10.egg-info/PKG-INFO
/home/cc/ee106a/sp26/class/ee106a-aca/Duplo_Project/install/planning/lib/python3.10/site-packages/planning-0.0.0-py3.10.egg-info/zip-safe
/home/cc/ee106a/sp26/class/ee106a-aca/Duplo_Project/install/planning/lib/python3.10/site-packages/planning-0.0.0-py3.10.egg-info/dependency_links.txt
/home/cc/ee106a/sp26/class/ee106a-aca/Duplo_Project/install/planning/lib/python3.10/site-packages/planning-0.0.0-py3.10.egg-info/entry_points.txt
/home/cc/ee106a/sp26/class/ee106a-aca/Duplo_Project/install/planning/lib/python3.10/site-packages/planning-0.0.0-py3.10.egg-info/requires.txt
/home/cc/ee106a/sp26/class/ee106a-aca/Duplo_Project/install/planning/lib/python3.10/site-packages/planning-0.0.0-py3.10.egg-info/top_level.txt
/home/cc/ee106a/sp26/class/ee106a-aca/Duplo_Project/install/planning/lib/python3.10/site-packages/planning-0.0.0-py3.10.egg-info/SOURCES.txt
/home/cc/ee106a/sp26/class/ee106a-aca/Duplo_Project/install/planning/lib/planning/ik
/home/cc/ee106a/sp26/class/ee106a-aca/Duplo_Project/install/planning/lib/planning/main
/home/cc/ee106a/sp26/class/ee106a-aca/Duplo_Project/install/planning/lib/planning/planning_node
