[1.133s] Invoking command in '/home/cc/ee106a/sp26/class/ee106a-aca/Duplo_Project/src/planning': PYTHONPATH=/home/cc/ee106a/sp26/class/ee106a-aca/Duplo_Project/build/planning/prefix_override:/usr/lib/python3/dist-packages/colcon_core/task/python/colcon_distutils_commands:/home/cc/ee106a/sp26/class/ee106a-aca/Duplo_Project/install/planning/lib/python3.10/site-packages:${PYTHONPATH} /usr/bin/python3 -W ignore:setup.py install is deprecated -W ignore:easy_install command is deprecated setup.py egg_info --egg-base ../../build/planning build --build-base /home/cc/ee106a/sp26/class/ee106a-aca/Duplo_Project/build/planning/build install --record /home/cc/ee106a/sp26/class/ee106a-aca/Duplo_Project/build/planning/install.log --single-version-externally-managed install_data
[1.439s] running egg_info
[1.440s] writing ../../build/planning/planning.egg-info/PKG-INFO
[1.444s] writing dependency_links to ../../build/planning/planning.egg-info/dependency_links.txt
[1.449s] writing entry points to ../../build/planning/planning.egg-info/entry_points.txt
[1.453s] writing requirements to ../../build/planning/planning.egg-info/requires.txt
[1.457s] writing top-level names to ../../build/planning/planning.egg-info/top_level.txt
[1.465s] reading manifest file '../../build/planning/planning.egg-info/SOURCES.txt'
[1.470s] writing manifest file '../../build/planning/planning.egg-info/SOURCES.txt'
[1.473s] running build
[1.473s] running build_py
[1.474s] running install
[1.475s] running install_lib
[1.479s] running install_data
[1.479s] copying launch/duplo.launch.py -> /home/cc/ee106a/sp26/class/ee106a-aca/Duplo_Project/install/planning/share/planning/launch
[1.484s] copying launch/duplo_config.rviz -> /home/cc/ee106a/sp26/class/ee106a-aca/Duplo_Project/install/planning/share/planning/planning
[1.492s] running install_egg_info
[1.498s] removing '/home/cc/ee106a/sp26/class/ee106a-aca/Duplo_Project/install/planning/lib/python3.10/site-packages/planning-0.0.0-py3.10.egg-info' (and everything under it)
[1.505s] Copying ../../build/planning/planning.egg-info to /home/cc/ee106a/sp26/class/ee106a-aca/Duplo_Project/install/planning/lib/python3.10/site-packages/planning-0.0.0-py3.10.egg-info
[1.566s] running install_scripts
[1.586s] Installing ik script to /home/cc/ee106a/sp26/class/ee106a-aca/Duplo_Project/install/planning/lib/planning
[1.589s] Installing main script to /home/cc/ee106a/sp26/class/ee106a-aca/Duplo_Project/install/planning/lib/planning
[1.591s] Installing planning_node script to /home/cc/ee106a/sp26/class/ee106a-aca/Duplo_Project/install/planning/lib/planning
[1.595s] writing list of installed files to '/home/cc/ee106a/sp26/class/ee106a-aca/Duplo_Project/build/planning/install.log'
[1.647s] Invoked command in '/home/cc/ee106a/sp26/class/ee106a-aca/Duplo_Project/src/planning' returned '0': PYTHONPATH=/home/cc/ee106a/sp26/class/ee106a-aca/Duplo_Project/build/planning/prefix_override:/usr/lib/python3/dist-packages/colcon_core/task/python/colcon_distutils_commands:/home/cc/ee106a/sp26/class/ee106a-aca/Duplo_Project/install/planning/lib/python3.10/site-packages:${PYTHONPATH} /usr/bin/python3 -W ignore:setup.py install is deprecated -W ignore:easy_install command is deprecated setup.py egg_info --egg-base ../../build/planning build --build-base /home/cc/ee106a/sp26/class/ee106a-aca/Duplo_Project/build/planning/build install --record /home/cc/ee106a/sp26/class/ee106a-aca/Duplo_Project/build/planning/install.log --single-version-externally-managed install_data
