[1.018s] Invoking command in '/home/cc/ee106a/sp26/class/ee106a-aca/Duplo_Project/src/planning': PYTHONPATH=/home/cc/ee106a/sp26/class/ee106a-aca/Duplo_Project/build/planning/prefix_override:/usr/lib/python3/dist-packages/colcon_core/task/python/colcon_distutils_commands:/home/cc/ee106a/sp26/class/ee106a-aca/Duplo_Project/install/planning/lib/python3.10/site-packages:${PYTHONPATH} /usr/bin/python3 -W ignore:setup.py install is deprecated -W ignore:easy_install command is deprecated setup.py egg_info --egg-base ../../build/planning build --build-base /home/cc/ee106a/sp26/class/ee106a-aca/Duplo_Project/build/planning/build install --record /home/cc/ee106a/sp26/class/ee106a-aca/Duplo_Project/build/planning/install.log --single-version-externally-managed install_data
[1.225s] running egg_info
[1.227s] creating ../../build/planning/planning.egg-info
[1.228s] writing ../../build/planning/planning.egg-info/PKG-INFO
[1.233s] writing dependency_links to ../../build/planning/planning.egg-info/dependency_links.txt
[1.235s] writing entry points to ../../build/planning/planning.egg-info/entry_points.txt
[1.238s] writing requirements to ../../build/planning/planning.egg-info/requires.txt
[1.240s] writing top-level names to ../../build/planning/planning.egg-info/top_level.txt
[1.243s] writing manifest file '../../build/planning/planning.egg-info/SOURCES.txt'
[1.254s] reading manifest file '../../build/planning/planning.egg-info/SOURCES.txt'
[1.258s] writing manifest file '../../build/planning/planning.egg-info/SOURCES.txt'
[1.260s] running build
[1.262s] running build_py
[1.263s] creating /home/cc/ee106a/sp26/class/ee106a-aca/Duplo_Project/build/planning/build
[1.263s] creating /home/cc/ee106a/sp26/class/ee106a-aca/Duplo_Project/build/planning/build/lib
[1.264s] creating /home/cc/ee106a/sp26/class/ee106a-aca/Duplo_Project/build/planning/build/lib/planning
[1.266s] copying planning/__init__.py -> /home/cc/ee106a/sp26/class/ee106a-aca/Duplo_Project/build/planning/build/lib/planning
[1.269s] copying planning/build_planner.py -> /home/cc/ee106a/sp26/class/ee106a-aca/Duplo_Project/build/planning/build/lib/planning
[1.279s] copying planning/ik.py -> /home/cc/ee106a/sp26/class/ee106a-aca/Duplo_Project/build/planning/build/lib/planning
[1.285s] copying planning/main.py -> /home/cc/ee106a/sp26/class/ee106a-aca/Duplo_Project/build/planning/build/lib/planning
[1.289s] copying planning/planning_node.py -> /home/cc/ee106a/sp26/class/ee106a-aca/Duplo_Project/build/planning/build/lib/planning
[1.294s] running install
[1.296s] running install_lib
[1.299s] creating /home/cc/ee106a/sp26/class/ee106a-aca/Duplo_Project/install/planning/lib/python3.10/site-packages/planning
[1.301s] copying /home/cc/ee106a/sp26/class/ee106a-aca/Duplo_Project/build/planning/build/lib/planning/__init__.py -> /home/cc/ee106a/sp26/class/ee106a-aca/Duplo_Project/install/planning/lib/python3.10/site-packages/planning
[1.305s] copying /home/cc/ee106a/sp26/class/ee106a-aca/Duplo_Project/build/planning/build/lib/planning/build_planner.py -> /home/cc/ee106a/sp26/class/ee106a-aca/Duplo_Project/install/planning/lib/python3.10/site-packages/planning
[1.311s] copying /home/cc/ee106a/sp26/class/ee106a-aca/Duplo_Project/build/planning/build/lib/planning/ik.py -> /home/cc/ee106a/sp26/class/ee106a-aca/Duplo_Project/install/planning/lib/python3.10/site-packages/planning
[1.317s] copying /home/cc/ee106a/sp26/class/ee106a-aca/Duplo_Project/build/planning/build/lib/planning/main.py -> /home/cc/ee106a/sp26/class/ee106a-aca/Duplo_Project/install/planning/lib/python3.10/site-packages/planning
[1.323s] copying /home/cc/ee106a/sp26/class/ee106a-aca/Duplo_Project/build/planning/build/lib/planning/planning_node.py -> /home/cc/ee106a/sp26/class/ee106a-aca/Duplo_Project/install/planning/lib/python3.10/site-packages/planning
[1.331s] byte-compiling /home/cc/ee106a/sp26/class/ee106a-aca/Duplo_Project/install/planning/lib/python3.10/site-packages/planning/__init__.py to __init__.cpython-310.pyc
[1.337s] byte-compiling /home/cc/ee106a/sp26/class/ee106a-aca/Duplo_Project/install/planning/lib/python3.10/site-packages/planning/build_planner.py to build_planner.cpython-310.pyc
[1.350s] byte-compiling /home/cc/ee106a/sp26/class/ee106a-aca/Duplo_Project/install/planning/lib/python3.10/site-packages/planning/ik.py to ik.cpython-310.pyc
[1.359s] byte-compiling /home/cc/ee106a/sp26/class/ee106a-aca/Duplo_Project/install/planning/lib/python3.10/site-packages/planning/main.py to main.cpython-310.pyc
[1.368s] byte-compiling /home/cc/ee106a/sp26/class/ee106a-aca/Duplo_Project/install/planning/lib/python3.10/site-packages/planning/planning_node.py to planning_node.cpython-310.pyc
[1.377s] running install_data
[1.379s] creating /home/cc/ee106a/sp26/class/ee106a-aca/Duplo_Project/install/planning/share
[1.379s] creating /home/cc/ee106a/sp26/class/ee106a-aca/Duplo_Project/install/planning/share/ament_index
[1.380s] creating /home/cc/ee106a/sp26/class/ee106a-aca/Duplo_Project/install/planning/share/ament_index/resource_index
[1.380s] creating /home/cc/ee106a/sp26/class/ee106a-aca/Duplo_Project/install/planning/share/ament_index/resource_index/packages
[1.382s] copying resource/planning -> /home/cc/ee106a/sp26/class/ee106a-aca/Duplo_Project/install/planning/share/ament_index/resource_index/packages
[1.386s] creating /home/cc/ee106a/sp26/class/ee106a-aca/Duplo_Project/install/planning/share/planning
[1.388s] copying package.xml -> /home/cc/ee106a/sp26/class/ee106a-aca/Duplo_Project/install/planning/share/planning
[1.391s] running install_egg_info
[1.395s] Copying ../../build/planning/planning.egg-info to /home/cc/ee106a/sp26/class/ee106a-aca/Duplo_Project/install/planning/lib/python3.10/site-packages/planning-0.0.0-py3.10.egg-info
[1.439s] running install_scripts
[1.474s] Installing build_planner script to /home/cc/ee106a/sp26/class/ee106a-aca/Duplo_Project/install/planning/lib/planning
[1.478s] Installing ik script to /home/cc/ee106a/sp26/class/ee106a-aca/Duplo_Project/install/planning/lib/planning
[1.481s] Installing main script to /home/cc/ee106a/sp26/class/ee106a-aca/Duplo_Project/install/planning/lib/planning
[1.484s] Installing planning_node script to /home/cc/ee106a/sp26/class/ee106a-aca/Duplo_Project/install/planning/lib/planning
[1.487s] writing list of installed files to '/home/cc/ee106a/sp26/class/ee106a-aca/Duplo_Project/build/planning/install.log'
[1.542s] Invoked command in '/home/cc/ee106a/sp26/class/ee106a-aca/Duplo_Project/src/planning' returned '0': PYTHONPATH=/home/cc/ee106a/sp26/class/ee106a-aca/Duplo_Project/build/planning/prefix_override:/usr/lib/python3/dist-packages/colcon_core/task/python/colcon_distutils_commands:/home/cc/ee106a/sp26/class/ee106a-aca/Duplo_Project/install/planning/lib/python3.10/site-packages:${PYTHONPATH} /usr/bin/python3 -W ignore:setup.py install is deprecated -W ignore:easy_install command is deprecated setup.py egg_info --egg-base ../../build/planning build --build-base /home/cc/ee106a/sp26/class/ee106a-aca/Duplo_Project/build/planning/build install --record /home/cc/ee106a/sp26/class/ee106a-aca/Duplo_Project/build/planning/install.log --single-version-externally-managed install_data
