[0.669s] Invoking command in '/home/cc/ee106a/sp26/class/ee106a-aca/Duplo_Project/src/perception': PYTHONPATH=/home/cc/ee106a/sp26/class/ee106a-aca/Duplo_Project/build/perception/prefix_override:/usr/lib/python3/dist-packages/colcon_core/task/python/colcon_distutils_commands:/home/cc/ee106a/sp26/class/ee106a-aca/Duplo_Project/install/perception/lib/python3.10/site-packages:${PYTHONPATH} /usr/bin/python3 -W ignore:setup.py install is deprecated -W ignore:easy_install command is deprecated setup.py egg_info --egg-base ../../build/perception build --build-base /home/cc/ee106a/sp26/class/ee106a-aca/Duplo_Project/build/perception/build install --record /home/cc/ee106a/sp26/class/ee106a-aca/Duplo_Project/build/perception/install.log --single-version-externally-managed install_data
[0.874s] running egg_info
[0.874s] creating ../../build/perception/perception.egg-info
[0.875s] writing ../../build/perception/perception.egg-info/PKG-INFO
[0.880s] writing dependency_links to ../../build/perception/perception.egg-info/dependency_links.txt
[0.883s] writing entry points to ../../build/perception/perception.egg-info/entry_points.txt
[0.885s] writing requirements to ../../build/perception/perception.egg-info/requires.txt
[0.887s] writing top-level names to ../../build/perception/perception.egg-info/top_level.txt
[0.888s] writing manifest file '../../build/perception/perception.egg-info/SOURCES.txt'
[0.894s] reading manifest file '../../build/perception/perception.egg-info/SOURCES.txt'
[0.896s] writing manifest file '../../build/perception/perception.egg-info/SOURCES.txt'
[0.897s] running build
[0.897s] running build_py
[0.898s] creating /home/cc/ee106a/sp26/class/ee106a-aca/Duplo_Project/build/perception/build
[0.898s] creating /home/cc/ee106a/sp26/class/ee106a-aca/Duplo_Project/build/perception/build/lib
[0.899s] creating /home/cc/ee106a/sp26/class/ee106a-aca/Duplo_Project/build/perception/build/lib/perception
[0.900s] copying perception/__init__.py -> /home/cc/ee106a/sp26/class/ee106a-aca/Duplo_Project/build/perception/build/lib/perception
[0.902s] running install
[0.902s] running install_lib
[0.905s] creating /home/cc/ee106a/sp26/class/ee106a-aca/Duplo_Project/install/perception/lib/python3.10/site-packages/perception
[0.906s] copying /home/cc/ee106a/sp26/class/ee106a-aca/Duplo_Project/build/perception/build/lib/perception/__init__.py -> /home/cc/ee106a/sp26/class/ee106a-aca/Duplo_Project/install/perception/lib/python3.10/site-packages/perception
[0.910s] byte-compiling /home/cc/ee106a/sp26/class/ee106a-aca/Duplo_Project/install/perception/lib/python3.10/site-packages/perception/__init__.py to __init__.cpython-310.pyc
[0.914s] running install_data
[0.914s] creating /home/cc/ee106a/sp26/class/ee106a-aca/Duplo_Project/install/perception/share/ament_index
[0.915s] creating /home/cc/ee106a/sp26/class/ee106a-aca/Duplo_Project/install/perception/share/ament_index/resource_index
[0.916s] creating /home/cc/ee106a/sp26/class/ee106a-aca/Duplo_Project/install/perception/share/ament_index/resource_index/packages
[0.917s] copying resource/perception -> /home/cc/ee106a/sp26/class/ee106a-aca/Duplo_Project/install/perception/share/ament_index/resource_index/packages
[0.920s] copying package.xml -> /home/cc/ee106a/sp26/class/ee106a-aca/Duplo_Project/install/perception/share/perception
[0.923s] running install_egg_info
[0.926s] Copying ../../build/perception/perception.egg-info to /home/cc/ee106a/sp26/class/ee106a-aca/Duplo_Project/install/perception/lib/python3.10/site-packages/perception-0.0.0-py3.10.egg-info
[0.958s] running install_scripts
[0.986s] writing list of installed files to '/home/cc/ee106a/sp26/class/ee106a-aca/Duplo_Project/build/perception/install.log'
[1.003s] Invoked command in '/home/cc/ee106a/sp26/class/ee106a-aca/Duplo_Project/src/perception' returned '0': PYTHONPATH=/home/cc/ee106a/sp26/class/ee106a-aca/Duplo_Project/build/perception/prefix_override:/usr/lib/python3/dist-packages/colcon_core/task/python/colcon_distutils_commands:/home/cc/ee106a/sp26/class/ee106a-aca/Duplo_Project/install/perception/lib/python3.10/site-packages:${PYTHONPATH} /usr/bin/python3 -W ignore:setup.py install is deprecated -W ignore:easy_install command is deprecated setup.py egg_info --egg-base ../../build/perception build --build-base /home/cc/ee106a/sp26/class/ee106a-aca/Duplo_Project/build/perception/build install --record /home/cc/ee106a/sp26/class/ee106a-aca/Duplo_Project/build/perception/install.log --single-version-externally-managed install_data
