running egg_info
creating ../../build/planning/planning.egg-info
writing ../../build/planning/planning.egg-info/PKG-INFO
writing dependency_links to ../../build/planning/planning.egg-info/dependency_links.txt
writing entry points to ../../build/planning/planning.egg-info/entry_points.txt
writing requirements to ../../build/planning/planning.egg-info/requires.txt
writing top-level names to ../../build/planning/planning.egg-info/top_level.txt
writing manifest file '../../build/planning/planning.egg-info/SOURCES.txt'
reading manifest file '../../build/planning/planning.egg-info/SOURCES.txt'
writing manifest file '../../build/planning/planning.egg-info/SOURCES.txt'
running build
running build_py
creating /home/cc/ee106a/sp26/class/ee106a-aca/Duplo_Project/build/planning/build
creating /home/cc/ee106a/sp26/class/ee106a-aca/Duplo_Project/build/planning/build/lib
creating /home/cc/ee106a/sp26/class/ee106a-aca/Duplo_Project/build/planning/build/lib/planning
copying planning/__init__.py -> /home/cc/ee106a/sp26/class/ee106a-aca/Duplo_Project/build/planning/build/lib/planning
copying planning/planning_node.py -> /home/cc/ee106a/sp26/class/ee106a-aca/Duplo_Project/build/planning/build/lib/planning
copying planning/ik.py -> /home/cc/ee106a/sp26/class/ee106a-aca/Duplo_Project/build/planning/build/lib/planning
copying planning/main.py -> /home/cc/ee106a/sp26/class/ee106a-aca/Duplo_Project/build/planning/build/lib/planning
running install
running install_lib
creating /home/cc/ee106a/sp26/class/ee106a-aca/Duplo_Project/install/planning/lib/python3.10/site-packages/planning
copying /home/cc/ee106a/sp26/class/ee106a-aca/Duplo_Project/build/planning/build/lib/planning/__init__.py -> /home/cc/ee106a/sp26/class/ee106a-aca/Duplo_Project/install/planning/lib/python3.10/site-packages/planning
copying /home/cc/ee106a/sp26/class/ee106a-aca/Duplo_Project/build/planning/build/lib/planning/planning_node.py -> /home/cc/ee106a/sp26/class/ee106a-aca/Duplo_Project/install/planning/lib/python3.10/site-packages/planning
copying /home/cc/ee106a/sp26/class/ee106a-aca/Duplo_Project/build/planning/build/lib/planning/ik.py -> /home/cc/ee106a/sp26/class/ee106a-aca/Duplo_Project/install/planning/lib/python3.10/site-packages/planning
copying /home/cc/ee106a/sp26/class/ee106a-aca/Duplo_Project/build/planning/build/lib/planning/main.py -> /home/cc/ee106a/sp26/class/ee106a-aca/Duplo_Project/install/planning/lib/python3.10/site-packages/planning
byte-compiling /home/cc/ee106a/sp26/class/ee106a-aca/Duplo_Project/install/planning/lib/python3.10/site-packages/planning/__init__.py to __init__.cpython-310.pyc
byte-compiling /home/cc/ee106a/sp26/class/ee106a-aca/Duplo_Project/install/planning/lib/python3.10/site-packages/planning/planning_node.py to planning_node.cpython-310.pyc
byte-compiling /home/cc/ee106a/sp26/class/ee106a-aca/Duplo_Project/install/planning/lib/python3.10/site-packages/planning/ik.py to ik.cpython-310.pyc
byte-compiling /home/cc/ee106a/sp26/class/ee106a-aca/Duplo_Project/install/planning/lib/python3.10/site-packages/planning/main.py to main.cpython-310.pyc
running install_data
creating /home/cc/ee106a/sp26/class/ee106a-aca/Duplo_Project/install/planning/share/ament_index
creating /home/cc/ee106a/sp26/class/ee106a-aca/Duplo_Project/install/planning/share/ament_index/resource_index
creating /home/cc/ee106a/sp26/class/ee106a-aca/Duplo_Project/install/planning/share/ament_index/resource_index/packages
copying resource/planning -> /home/cc/ee106a/sp26/class/ee106a-aca/Duplo_Project/install/planning/share/ament_index/resource_index/packages
copying package.xml -> /home/cc/ee106a/sp26/class/ee106a-aca/Duplo_Project/install/planning/share/planning
creating /home/cc/ee106a/sp26/class/ee106a-aca/Duplo_Project/install/planning/share/planning/launch
copying launch/duplo.launch.py -> /home/cc/ee106a/sp26/class/ee106a-aca/Duplo_Project/install/planning/share/planning/launch
creating /home/cc/ee106a/sp26/class/ee106a-aca/Duplo_Project/install/planning/share/planning/planning
copying launch/duplo_config.rviz -> /home/cc/ee106a/sp26/class/ee106a-aca/Duplo_Project/install/planning/share/planning/planning
running install_egg_info
Copying ../../build/planning/planning.egg-info to /home/cc/ee106a/sp26/class/ee106a-aca/Duplo_Project/install/planning/lib/python3.10/site-packages/planning-0.0.0-py3.10.egg-info
running install_scripts
Installing ik script to /home/cc/ee106a/sp26/class/ee106a-aca/Duplo_Project/install/planning/lib/planning
Installing main script to /home/cc/ee106a/sp26/class/ee106a-aca/Duplo_Project/install/planning/lib/planning
Installing planning_node script to /home/cc/ee106a/sp26/class/ee106a-aca/Duplo_Project/install/planning/lib/planning
writing list of installed files to '/home/cc/ee106a/sp26/class/ee106a-aca/Duplo_Project/build/planning/install.log'
